2019-01-21 17:56:57.7091|DEBUG|CLex|MapReduceExecutor|Execution started|{"ExecutionId":"ffecf055-db76-4764-ad7e-22e53d0e5837","Main":"I3vyffQvdg33haXvSYE/bQl77WOnYioRS0pu4La/xxk="}|df09f586-1d62-11e9-a1e2-f4b7e2ccc86c
2019-01-21 17:56:57.7166|DEBUG|CLex|QueryCacheOperationVisitor|Visiting activity. Activity: I3vyffQvdg33haXvSYE/bQl77WOnYioRS0pu4La/xxk=|df09f586-1d62-11e9-a1e2-f4b7e2ccc86c
2019-01-21 17:56:57.8426|DEBUG|CLex|QueryCache|Build RDD|{"Operation":"GetFilesOperation","Reference":"","Tag":"20b05457-36ea-4e1a-b417-83fa714130bb","ContextTag":"0","ParentContextTag":""}|df09f586-1d62-11e9-a1e2-f4b7e2ccc86c
2019-01-21 17:56:58.0141|DEBUG|CLex|QueryCache|Cache added|{"Operation":"GetFilesOperation","Reference":"","Tag":"20b05457-36ea-4e1a-b417-83fa714130bb","ContextTag":"0","ParentContextTag":""}|df09f586-1d62-11e9-a1e2-f4b7e2ccc86c
2019-01-21 17:56:58.0141|DEBUG|CLex|QueryCache|Build RDD|{"Operation":"ReadFilesOperation","Reference":"","Tag":"a5f0baba-a326-4318-8925-3e31929fff0f","ContextTag":"1","ParentContextTag":"0"}|df09f586-1d62-11e9-a1e2-f4b7e2ccc86c
2019-01-21 17:56:58.0481|DEBUG|CLex|QueryCache|Cache added|{"Operation":"ReadFilesOperation","Reference":"","Tag":"a5f0baba-a326-4318-8925-3e31929fff0f","ContextTag":"1","ParentContextTag":"0"}|df09f586-1d62-11e9-a1e2-f4b7e2ccc86c
2019-01-21 17:56:58.0481|DEBUG|CLex|QueryCache|Build RDD|{"Operation":"SplitColumnOperation","Reference":"","Tag":"a5f0baba-a326-4318-8925-3e31929fff0f","ContextTag":"2","ParentContextTag":"1"}|df09f586-1d62-11e9-a1e2-f4b7e2ccc86c
2019-01-21 17:56:58.0481|DEBUG|CLex|QueryCache|Cache added|{"Operation":"SplitColumnOperation","Reference":"","Tag":"a5f0baba-a326-4318-8925-3e31929fff0f","ContextTag":"2","ParentContextTag":"1"}|df09f586-1d62-11e9-a1e2-f4b7e2ccc86c
2019-01-21 17:56:58.0481|DEBUG|CLex|QueryCache|Build RDD|{"Operation":"PromoteHeadersOperation","Reference":"","Tag":"a5f0baba-a326-4318-8925-3e31929fff0f","ContextTag":"3","ParentContextTag":"2"}|df09f586-1d62-11e9-a1e2-f4b7e2ccc86c
2019-01-21 17:56:58.0722|DEBUG|CLex|QueryCache|Cache added|{"Operation":"PromoteHeadersOperation","Reference":"","Tag":"a5f0baba-a326-4318-8925-3e31929fff0f","ContextTag":"3","ParentContextTag":"2"}|df09f586-1d62-11e9-a1e2-f4b7e2ccc86c
2019-01-21 17:56:58.0722|DEBUG|CLex|QueryCache|Build RDD|{"Operation":"RemoveColumnsOperation","Reference":"","Tag":"","ContextTag":"4","ParentContextTag":"3"}|df09f586-1d62-11e9-a1e2-f4b7e2ccc86c
2019-01-21 17:56:58.6716|DEBUG|CLex|QueryCache|Cache added|{"Operation":"RemoveColumnsOperation","Reference":"","Tag":"","ContextTag":"4","ParentContextTag":"3"}|df09f586-1d62-11e9-a1e2-f4b7e2ccc86c
2019-01-21 17:56:58.6716|DEBUG|CLex|QueryCache|Build RDD|{"Operation":"TakeOperation","Reference":"","Tag":"68b34153-7cf3-4576-88bf-ec9f913fc8cd","ContextTag":"5","ParentContextTag":"4"}|df09f586-1d62-11e9-a1e2-f4b7e2ccc86c
2019-01-21 17:56:58.6716|DEBUG|CLex|QueryCache|Cache added|{"Operation":"TakeOperation","Reference":"","Tag":"68b34153-7cf3-4576-88bf-ec9f913fc8cd","ContextTag":"5","ParentContextTag":"4"}|df09f586-1d62-11e9-a1e2-f4b7e2ccc86c
2019-01-21 17:56:58.6716|DEBUG|CLex|QueryCache|Build RDD|{"Operation":"WriteFilesOperation","Reference":"","Tag":"c013a3fc-3895-4c7b-a7b1-0b243cf48747","ContextTag":"6","ParentContextTag":"5"}|df09f586-1d62-11e9-a1e2-f4b7e2ccc86c
2019-01-21 17:56:58.8378|DEBUG|CLex|QueryCache|Cache added|{"Operation":"WriteFilesOperation","Reference":"","Tag":"c013a3fc-3895-4c7b-a7b1-0b243cf48747","ContextTag":"6","ParentContextTag":"5"}|df09f586-1d62-11e9-a1e2-f4b7e2ccc86c
2019-01-21 17:56:58.8378|DEBUG|CLex|MapReduceExecutor|Execution Succeeded|{"ExecutionId":"ffecf055-db76-4764-ad7e-22e53d0e5837","Main":"I3vyffQvdg33haXvSYE/bQl77WOnYioRS0pu4La/xxk="}|df09f586-1d62-11e9-a1e2-f4b7e2ccc86c
2019-01-21 18:08:56.3280|DEBUG|CLex|MapReduceExecutor|Execution started|{"ExecutionId":"a10d1494-fe61-4346-a669-7e4ddb7ce8a3","Main":"XwjL6Koekdeq1yHcOknu/a8RfnrHNUpEdbpRG1h9R24="}|8ebf6978-1d64-11e9-b339-f4b7e2ccc86c
2019-01-21 18:08:56.3280|DEBUG|CLex|QueryCacheOperationVisitor|Visiting activity. Activity: XwjL6Koekdeq1yHcOknu/a8RfnrHNUpEdbpRG1h9R24=|8ebf6978-1d64-11e9-b339-f4b7e2ccc86c
2019-01-21 18:08:56.3542|DEBUG|CLex|QueryCache|Build RDD|{"Operation":"GetFilesOperation","Reference":"","Tag":"ab556ec0-7bb6-47a0-9d0d-7faee91ea31a","ContextTag":"0","ParentContextTag":""}|8ebf6978-1d64-11e9-b339-f4b7e2ccc86c
2019-01-21 18:08:56.3772|DEBUG|CLex|QueryCache|Cache added|{"Operation":"GetFilesOperation","Reference":"","Tag":"ab556ec0-7bb6-47a0-9d0d-7faee91ea31a","ContextTag":"0","ParentContextTag":""}|8ebf6978-1d64-11e9-b339-f4b7e2ccc86c
2019-01-21 18:08:56.3772|DEBUG|CLex|QueryCache|Build RDD|{"Operation":"ReadFilesOperation","Reference":"","Tag":"8faec8fa-f7ef-4a9e-9149-f60bae32389a","ContextTag":"1","ParentContextTag":"0"}|8ebf6978-1d64-11e9-b339-f4b7e2ccc86c
2019-01-21 18:08:56.3979|DEBUG|CLex|QueryCache|Cache added|{"Operation":"ReadFilesOperation","Reference":"","Tag":"8faec8fa-f7ef-4a9e-9149-f60bae32389a","ContextTag":"1","ParentContextTag":"0"}|8ebf6978-1d64-11e9-b339-f4b7e2ccc86c
2019-01-21 18:08:56.3979|DEBUG|CLex|QueryCache|Build RDD|{"Operation":"SplitColumnOperation","Reference":"","Tag":"8faec8fa-f7ef-4a9e-9149-f60bae32389a","ContextTag":"2","ParentContextTag":"1"}|8ebf6978-1d64-11e9-b339-f4b7e2ccc86c
2019-01-21 18:08:56.3979|DEBUG|CLex|QueryCache|Cache added|{"Operation":"SplitColumnOperation","Reference":"","Tag":"8faec8fa-f7ef-4a9e-9149-f60bae32389a","ContextTag":"2","ParentContextTag":"1"}|8ebf6978-1d64-11e9-b339-f4b7e2ccc86c
2019-01-21 18:08:56.3979|DEBUG|CLex|QueryCache|Build RDD|{"Operation":"PromoteHeadersOperation","Reference":"","Tag":"8faec8fa-f7ef-4a9e-9149-f60bae32389a","ContextTag":"3","ParentContextTag":"2"}|8ebf6978-1d64-11e9-b339-f4b7e2ccc86c
2019-01-21 18:08:56.4077|DEBUG|CLex|QueryCache|Cache added|{"Operation":"PromoteHeadersOperation","Reference":"","Tag":"8faec8fa-f7ef-4a9e-9149-f60bae32389a","ContextTag":"3","ParentContextTag":"2"}|8ebf6978-1d64-11e9-b339-f4b7e2ccc86c
2019-01-21 18:08:56.4077|DEBUG|CLex|QueryCache|Build RDD|{"Operation":"RemoveColumnsOperation","Reference":"","Tag":"","ContextTag":"4","ParentContextTag":"3"}|8ebf6978-1d64-11e9-b339-f4b7e2ccc86c
2019-01-21 18:08:56.4544|DEBUG|CLex|QueryCache|Cache added|{"Operation":"RemoveColumnsOperation","Reference":"","Tag":"","ContextTag":"4","ParentContextTag":"3"}|8ebf6978-1d64-11e9-b339-f4b7e2ccc86c
2019-01-21 18:08:56.4544|DEBUG|CLex|QueryCache|Build RDD|{"Operation":"TakeOperation","Reference":"","Tag":"63a20263-58c9-4e82-a98e-7220d5a9919a","ContextTag":"5","ParentContextTag":"4"}|8ebf6978-1d64-11e9-b339-f4b7e2ccc86c
2019-01-21 18:08:56.4544|DEBUG|CLex|QueryCache|Cache added|{"Operation":"TakeOperation","Reference":"","Tag":"63a20263-58c9-4e82-a98e-7220d5a9919a","ContextTag":"5","ParentContextTag":"4"}|8ebf6978-1d64-11e9-b339-f4b7e2ccc86c
2019-01-21 18:08:56.4544|DEBUG|CLex|QueryCache|Build RDD|{"Operation":"WriteFilesOperation","Reference":"","Tag":"9b40818f-a88d-49e0-bd1b-0b6483f9a48f","ContextTag":"6","ParentContextTag":"5"}|8ebf6978-1d64-11e9-b339-f4b7e2ccc86c
2019-01-21 18:08:56.5695|DEBUG|CLex|QueryCache|Cache added|{"Operation":"WriteFilesOperation","Reference":"","Tag":"9b40818f-a88d-49e0-bd1b-0b6483f9a48f","ContextTag":"6","ParentContextTag":"5"}|8ebf6978-1d64-11e9-b339-f4b7e2ccc86c
2019-01-21 18:08:56.5695|DEBUG|CLex|MapReduceExecutor|Execution Succeeded|{"ExecutionId":"a10d1494-fe61-4346-a669-7e4ddb7ce8a3","Main":"XwjL6Koekdeq1yHcOknu/a8RfnrHNUpEdbpRG1h9R24="}|8ebf6978-1d64-11e9-b339-f4b7e2ccc86c
2019-01-21 18:10:11.4918|DEBUG|CLex|MapReduceExecutor|Execution started|{"ExecutionId":"abd44f76-805f-446f-996d-af988e82282b","Main":"3C4pQTVcOyMuBzLns10fwBEzonEJQ2r0Y89WRr9T0ZI="}|8ebf6978-1d64-11e9-b339-f4b7e2ccc86c
2019-01-21 18:10:11.4918|DEBUG|CLex|QueryCacheOperationVisitor|Visiting activity. Activity: 3C4pQTVcOyMuBzLns10fwBEzonEJQ2r0Y89WRr9T0ZI=|8ebf6978-1d64-11e9-b339-f4b7e2ccc86c
2019-01-21 18:10:11.5035|DEBUG|CLex|QueryCache|Cache hit|{"Operation":"GetFilesOperation","Reference":"","Tag":"ab556ec0-7bb6-47a0-9d0d-7faee91ea31a","ContextTag":"0","ParentContextTag":""}|8ebf6978-1d64-11e9-b339-f4b7e2ccc86c
2019-01-21 18:10:11.5035|DEBUG|CLex|QueryCache|Cache hit|{"Operation":"ReadFilesOperation","Reference":"","Tag":"8faec8fa-f7ef-4a9e-9149-f60bae32389a","ContextTag":"1","ParentContextTag":"0"}|8ebf6978-1d64-11e9-b339-f4b7e2ccc86c
2019-01-21 18:10:11.5035|DEBUG|CLex|QueryCache|Cache hit|{"Operation":"SplitColumnOperation","Reference":"","Tag":"8faec8fa-f7ef-4a9e-9149-f60bae32389a","ContextTag":"2","ParentContextTag":"1"}|8ebf6978-1d64-11e9-b339-f4b7e2ccc86c
2019-01-21 18:10:11.5035|DEBUG|CLex|QueryCache|Cache hit|{"Operation":"PromoteHeadersOperation","Reference":"","Tag":"8faec8fa-f7ef-4a9e-9149-f60bae32389a","ContextTag":"3","ParentContextTag":"2"}|8ebf6978-1d64-11e9-b339-f4b7e2ccc86c
2019-01-21 18:10:11.5035|DEBUG|CLex|QueryCache|Cache hit|{"Operation":"RemoveColumnsOperation","Reference":"","Tag":"","ContextTag":"4","ParentContextTag":"3"}|8ebf6978-1d64-11e9-b339-f4b7e2ccc86c
2019-01-21 18:10:11.5035|DEBUG|CLex|QueryCache|Build RDD|{"Operation":"GetDataProfileOperation","Reference":"","Tag":"","ContextTag":"7","ParentContextTag":"4"}|8ebf6978-1d64-11e9-b339-f4b7e2ccc86c
2019-01-21 18:10:11.5561|DEBUG|CLex|QueryCache|Cache added|{"Operation":"GetDataProfileOperation","Reference":"","Tag":"","ContextTag":"7","ParentContextTag":"4"}|8ebf6978-1d64-11e9-b339-f4b7e2ccc86c
2019-01-21 18:10:11.5561|DEBUG|CLex|MapReduceExecutor|Execution Succeeded|{"ExecutionId":"abd44f76-805f-446f-996d-af988e82282b","Main":"3C4pQTVcOyMuBzLns10fwBEzonEJQ2r0Y89WRr9T0ZI="}|8ebf6978-1d64-11e9-b339-f4b7e2ccc86c
2019-01-21 18:10:13.0729|DEBUG|CLex|MapReduceExecutor|Execution started|{"ExecutionId":"e1458df1-f98d-4e46-830f-bfdae1816802","Main":"F+2cReOP/J3rmIc8ODvr9RPelGF/KHJEIL4Mvg8rQjs="}|8ebf6978-1d64-11e9-b339-f4b7e2ccc86c
2019-01-21 18:10:13.0729|DEBUG|CLex|QueryCacheOperationVisitor|Visiting activity. Activity: F+2cReOP/J3rmIc8ODvr9RPelGF/KHJEIL4Mvg8rQjs=|8ebf6978-1d64-11e9-b339-f4b7e2ccc86c
2019-01-21 18:10:13.0729|DEBUG|CLex|QueryCache|Cache hit|{"Operation":"GetFilesOperation","Reference":"","Tag":"ab556ec0-7bb6-47a0-9d0d-7faee91ea31a","ContextTag":"0","ParentContextTag":""}|8ebf6978-1d64-11e9-b339-f4b7e2ccc86c
2019-01-21 18:10:13.0729|DEBUG|CLex|QueryCache|Cache hit|{"Operation":"ReadFilesOperation","Reference":"","Tag":"8faec8fa-f7ef-4a9e-9149-f60bae32389a","ContextTag":"1","ParentContextTag":"0"}|8ebf6978-1d64-11e9-b339-f4b7e2ccc86c
2019-01-21 18:10:13.0729|DEBUG|CLex|QueryCache|Cache hit|{"Operation":"SplitColumnOperation","Reference":"","Tag":"8faec8fa-f7ef-4a9e-9149-f60bae32389a","ContextTag":"2","ParentContextTag":"1"}|8ebf6978-1d64-11e9-b339-f4b7e2ccc86c
2019-01-21 18:10:13.0729|DEBUG|CLex|QueryCache|Cache hit|{"Operation":"PromoteHeadersOperation","Reference":"","Tag":"8faec8fa-f7ef-4a9e-9149-f60bae32389a","ContextTag":"3","ParentContextTag":"2"}|8ebf6978-1d64-11e9-b339-f4b7e2ccc86c
2019-01-21 18:10:13.0729|DEBUG|CLex|QueryCache|Cache hit|{"Operation":"RemoveColumnsOperation","Reference":"","Tag":"","ContextTag":"4","ParentContextTag":"3"}|8ebf6978-1d64-11e9-b339-f4b7e2ccc86c
2019-01-21 18:10:13.0729|DEBUG|CLex|QueryCache|Build RDD|{"Operation":"GroupOperation","Reference":"","Tag":"c9656f7b-ae31-4aa7-b1db-f24222bfb7b7","ContextTag":"8","ParentContextTag":"4"}|8ebf6978-1d64-11e9-b339-f4b7e2ccc86c
2019-01-21 18:10:13.0774|DEBUG|CLex|QueryCache|Cache added|{"Operation":"GroupOperation","Reference":"","Tag":"c9656f7b-ae31-4aa7-b1db-f24222bfb7b7","ContextTag":"8","ParentContextTag":"4"}|8ebf6978-1d64-11e9-b339-f4b7e2ccc86c
2019-01-21 18:10:13.0774|DEBUG|CLex|QueryCache|Build RDD|{"Operation":"SummarizeOperation","Reference":"","Tag":"c9656f7b-ae31-4aa7-b1db-f24222bfb7b7","ContextTag":"9","ParentContextTag":"8"}|8ebf6978-1d64-11e9-b339-f4b7e2ccc86c
2019-01-21 18:10:13.1199|DEBUG|CLex|QueryCache|Cache added|{"Operation":"SummarizeOperation","Reference":"","Tag":"c9656f7b-ae31-4aa7-b1db-f24222bfb7b7","ContextTag":"9","ParentContextTag":"8"}|8ebf6978-1d64-11e9-b339-f4b7e2ccc86c
2019-01-21 18:10:13.1199|DEBUG|CLex|QueryCache|Build RDD|{"Operation":"AddColumnsOperation","Reference":"","Tag":"c9656f7b-ae31-4aa7-b1db-f24222bfb7b7","ContextTag":"10","ParentContextTag":"9"}|8ebf6978-1d64-11e9-b339-f4b7e2ccc86c
2019-01-21 18:10:13.2668|DEBUG|CLex|QueryCache|Cache added|{"Operation":"AddColumnsOperation","Reference":"","Tag":"c9656f7b-ae31-4aa7-b1db-f24222bfb7b7","ContextTag":"10","ParentContextTag":"9"}|8ebf6978-1d64-11e9-b339-f4b7e2ccc86c
2019-01-21 18:10:13.2668|DEBUG|CLex|QueryCache|Build RDD|{"Operation":"AddColumnsOperation","Reference":"","Tag":"c9656f7b-ae31-4aa7-b1db-f24222bfb7b7","ContextTag":"11","ParentContextTag":"10"}|8ebf6978-1d64-11e9-b339-f4b7e2ccc86c
2019-01-21 18:10:13.2668|DEBUG|CLex|QueryCache|Cache added|{"Operation":"AddColumnsOperation","Reference":"","Tag":"c9656f7b-ae31-4aa7-b1db-f24222bfb7b7","ContextTag":"11","ParentContextTag":"10"}|8ebf6978-1d64-11e9-b339-f4b7e2ccc86c
2019-01-21 18:10:13.2668|DEBUG|CLex|QueryCache|Build RDD|{"Operation":"AddColumnsOperation","Reference":"","Tag":"c9656f7b-ae31-4aa7-b1db-f24222bfb7b7","ContextTag":"12","ParentContextTag":"11"}|8ebf6978-1d64-11e9-b339-f4b7e2ccc86c
2019-01-21 18:10:13.2668|DEBUG|CLex|QueryCache|Cache added|{"Operation":"AddColumnsOperation","Reference":"","Tag":"c9656f7b-ae31-4aa7-b1db-f24222bfb7b7","ContextTag":"12","ParentContextTag":"11"}|8ebf6978-1d64-11e9-b339-f4b7e2ccc86c
2019-01-21 18:10:13.2668|DEBUG|CLex|QueryCache|Build RDD|{"Operation":"AddColumnsOperation","Reference":"","Tag":"c9656f7b-ae31-4aa7-b1db-f24222bfb7b7","ContextTag":"13","ParentContextTag":"12"}|8ebf6978-1d64-11e9-b339-f4b7e2ccc86c
2019-01-21 18:10:13.2668|DEBUG|CLex|QueryCache|Cache added|{"Operation":"AddColumnsOperation","Reference":"","Tag":"c9656f7b-ae31-4aa7-b1db-f24222bfb7b7","ContextTag":"13","ParentContextTag":"12"}|8ebf6978-1d64-11e9-b339-f4b7e2ccc86c
2019-01-21 18:10:13.2668|DEBUG|CLex|QueryCache|Build RDD|{"Operation":"AddColumnsOperation","Reference":"","Tag":"c9656f7b-ae31-4aa7-b1db-f24222bfb7b7","ContextTag":"14","ParentContextTag":"13"}|8ebf6978-1d64-11e9-b339-f4b7e2ccc86c
2019-01-21 18:10:13.2668|DEBUG|CLex|QueryCache|Cache added|{"Operation":"AddColumnsOperation","Reference":"","Tag":"c9656f7b-ae31-4aa7-b1db-f24222bfb7b7","ContextTag":"14","ParentContextTag":"13"}|8ebf6978-1d64-11e9-b339-f4b7e2ccc86c
2019-01-21 18:10:13.2668|DEBUG|CLex|QueryCache|Build RDD|{"Operation":"AddColumnsOperation","Reference":"","Tag":"c9656f7b-ae31-4aa7-b1db-f24222bfb7b7","ContextTag":"15","ParentContextTag":"14"}|8ebf6978-1d64-11e9-b339-f4b7e2ccc86c
2019-01-21 18:10:13.2668|DEBUG|CLex|QueryCache|Cache added|{"Operation":"AddColumnsOperation","Reference":"","Tag":"c9656f7b-ae31-4aa7-b1db-f24222bfb7b7","ContextTag":"15","ParentContextTag":"14"}|8ebf6978-1d64-11e9-b339-f4b7e2ccc86c
2019-01-21 18:10:13.2668|DEBUG|CLex|QueryCache|Build RDD|{"Operation":"AddColumnsOperation","Reference":"","Tag":"c9656f7b-ae31-4aa7-b1db-f24222bfb7b7","ContextTag":"16","ParentContextTag":"15"}|8ebf6978-1d64-11e9-b339-f4b7e2ccc86c
2019-01-21 18:10:13.2668|DEBUG|CLex|QueryCache|Cache added|{"Operation":"AddColumnsOperation","Reference":"","Tag":"c9656f7b-ae31-4aa7-b1db-f24222bfb7b7","ContextTag":"16","ParentContextTag":"15"}|8ebf6978-1d64-11e9-b339-f4b7e2ccc86c
2019-01-21 18:10:13.2668|DEBUG|CLex|QueryCache|Build RDD|{"Operation":"AddColumnsOperation","Reference":"","Tag":"c9656f7b-ae31-4aa7-b1db-f24222bfb7b7","ContextTag":"17","ParentContextTag":"16"}|8ebf6978-1d64-11e9-b339-f4b7e2ccc86c
2019-01-21 18:10:13.2668|DEBUG|CLex|QueryCache|Cache added|{"Operation":"AddColumnsOperation","Reference":"","Tag":"c9656f7b-ae31-4aa7-b1db-f24222bfb7b7","ContextTag":"17","ParentContextTag":"16"}|8ebf6978-1d64-11e9-b339-f4b7e2ccc86c
2019-01-21 18:10:13.2668|DEBUG|CLex|QueryCache|Build RDD|{"Operation":"AddColumnsOperation","Reference":"","Tag":"c9656f7b-ae31-4aa7-b1db-f24222bfb7b7","ContextTag":"18","ParentContextTag":"17"}|8ebf6978-1d64-11e9-b339-f4b7e2ccc86c
2019-01-21 18:10:13.2668|DEBUG|CLex|QueryCache|Cache added|{"Operation":"AddColumnsOperation","Reference":"","Tag":"c9656f7b-ae31-4aa7-b1db-f24222bfb7b7","ContextTag":"18","ParentContextTag":"17"}|8ebf6978-1d64-11e9-b339-f4b7e2ccc86c
2019-01-21 18:10:13.2668|DEBUG|CLex|QueryCache|Build RDD|{"Operation":"AddColumnsOperation","Reference":"","Tag":"c9656f7b-ae31-4aa7-b1db-f24222bfb7b7","ContextTag":"19","ParentContextTag":"18"}|8ebf6978-1d64-11e9-b339-f4b7e2ccc86c
2019-01-21 18:10:13.2668|DEBUG|CLex|QueryCache|Cache added|{"Operation":"AddColumnsOperation","Reference":"","Tag":"c9656f7b-ae31-4aa7-b1db-f24222bfb7b7","ContextTag":"19","ParentContextTag":"18"}|8ebf6978-1d64-11e9-b339-f4b7e2ccc86c
2019-01-21 18:10:13.2668|DEBUG|CLex|QueryCache|Build RDD|{"Operation":"AddColumnsOperation","Reference":"","Tag":"c9656f7b-ae31-4aa7-b1db-f24222bfb7b7","ContextTag":"20","ParentContextTag":"19"}|8ebf6978-1d64-11e9-b339-f4b7e2ccc86c
2019-01-21 18:10:13.2668|DEBUG|CLex|QueryCache|Cache added|{"Operation":"AddColumnsOperation","Reference":"","Tag":"c9656f7b-ae31-4aa7-b1db-f24222bfb7b7","ContextTag":"20","ParentContextTag":"19"}|8ebf6978-1d64-11e9-b339-f4b7e2ccc86c
2019-01-21 18:10:13.2668|DEBUG|CLex|QueryCache|Build RDD|{"Operation":"AddColumnsOperation","Reference":"","Tag":"c9656f7b-ae31-4aa7-b1db-f24222bfb7b7","ContextTag":"21","ParentContextTag":"20"}|8ebf6978-1d64-11e9-b339-f4b7e2ccc86c
2019-01-21 18:10:13.2668|DEBUG|CLex|QueryCache|Cache added|{"Operation":"AddColumnsOperation","Reference":"","Tag":"c9656f7b-ae31-4aa7-b1db-f24222bfb7b7","ContextTag":"21","ParentContextTag":"20"}|8ebf6978-1d64-11e9-b339-f4b7e2ccc86c
2019-01-21 18:10:13.2668|DEBUG|CLex|QueryCache|Build RDD|{"Operation":"AddColumnsOperation","Reference":"","Tag":"c9656f7b-ae31-4aa7-b1db-f24222bfb7b7","ContextTag":"22","ParentContextTag":"21"}|8ebf6978-1d64-11e9-b339-f4b7e2ccc86c
2019-01-21 18:10:13.2668|DEBUG|CLex|QueryCache|Cache added|{"Operation":"AddColumnsOperation","Reference":"","Tag":"c9656f7b-ae31-4aa7-b1db-f24222bfb7b7","ContextTag":"22","ParentContextTag":"21"}|8ebf6978-1d64-11e9-b339-f4b7e2ccc86c
2019-01-21 18:10:13.2668|DEBUG|CLex|QueryCache|Build RDD|{"Operation":"AddColumnsOperation","Reference":"","Tag":"c9656f7b-ae31-4aa7-b1db-f24222bfb7b7","ContextTag":"23","ParentContextTag":"22"}|8ebf6978-1d64-11e9-b339-f4b7e2ccc86c
2019-01-21 18:10:13.2668|DEBUG|CLex|QueryCache|Cache added|{"Operation":"AddColumnsOperation","Reference":"","Tag":"c9656f7b-ae31-4aa7-b1db-f24222bfb7b7","ContextTag":"23","ParentContextTag":"22"}|8ebf6978-1d64-11e9-b339-f4b7e2ccc86c
2019-01-21 18:10:13.2668|DEBUG|CLex|QueryCache|Build RDD|{"Operation":"AddColumnsOperation","Reference":"","Tag":"c9656f7b-ae31-4aa7-b1db-f24222bfb7b7","ContextTag":"24","ParentContextTag":"23"}|8ebf6978-1d64-11e9-b339-f4b7e2ccc86c
2019-01-21 18:10:13.2668|DEBUG|CLex|QueryCache|Cache added|{"Operation":"AddColumnsOperation","Reference":"","Tag":"c9656f7b-ae31-4aa7-b1db-f24222bfb7b7","ContextTag":"24","ParentContextTag":"23"}|8ebf6978-1d64-11e9-b339-f4b7e2ccc86c
2019-01-21 18:10:13.2668|DEBUG|CLex|QueryCache|Build RDD|{"Operation":"AddColumnsOperation","Reference":"","Tag":"c9656f7b-ae31-4aa7-b1db-f24222bfb7b7","ContextTag":"25","ParentContextTag":"24"}|8ebf6978-1d64-11e9-b339-f4b7e2ccc86c
2019-01-21 18:10:13.2668|DEBUG|CLex|QueryCache|Cache added|{"Operation":"AddColumnsOperation","Reference":"","Tag":"c9656f7b-ae31-4aa7-b1db-f24222bfb7b7","ContextTag":"25","ParentContextTag":"24"}|8ebf6978-1d64-11e9-b339-f4b7e2ccc86c
2019-01-21 18:10:13.2668|DEBUG|CLex|QueryCache|Build RDD|{"Operation":"AddColumnsOperation","Reference":"","Tag":"c9656f7b-ae31-4aa7-b1db-f24222bfb7b7","ContextTag":"26","ParentContextTag":"25"}|8ebf6978-1d64-11e9-b339-f4b7e2ccc86c
2019-01-21 18:10:13.2668|DEBUG|CLex|QueryCache|Cache added|{"Operation":"AddColumnsOperation","Reference":"","Tag":"c9656f7b-ae31-4aa7-b1db-f24222bfb7b7","ContextTag":"26","ParentContextTag":"25"}|8ebf6978-1d64-11e9-b339-f4b7e2ccc86c
2019-01-21 18:10:13.2668|DEBUG|CLex|QueryCache|Build RDD|{"Operation":"AddColumnsOperation","Reference":"","Tag":"c9656f7b-ae31-4aa7-b1db-f24222bfb7b7","ContextTag":"27","ParentContextTag":"26"}|8ebf6978-1d64-11e9-b339-f4b7e2ccc86c
2019-01-21 18:10:13.2668|DEBUG|CLex|QueryCache|Cache added|{"Operation":"AddColumnsOperation","Reference":"","Tag":"c9656f7b-ae31-4aa7-b1db-f24222bfb7b7","ContextTag":"27","ParentContextTag":"26"}|8ebf6978-1d64-11e9-b339-f4b7e2ccc86c
2019-01-21 18:10:13.2668|DEBUG|CLex|QueryCache|Build RDD|{"Operation":"AddColumnsOperation","Reference":"","Tag":"c9656f7b-ae31-4aa7-b1db-f24222bfb7b7","ContextTag":"28","ParentContextTag":"27"}|8ebf6978-1d64-11e9-b339-f4b7e2ccc86c
2019-01-21 18:10:13.2668|DEBUG|CLex|QueryCache|Cache added|{"Operation":"AddColumnsOperation","Reference":"","Tag":"c9656f7b-ae31-4aa7-b1db-f24222bfb7b7","ContextTag":"28","ParentContextTag":"27"}|8ebf6978-1d64-11e9-b339-f4b7e2ccc86c
2019-01-21 18:10:13.2668|DEBUG|CLex|QueryCache|Build RDD|{"Operation":"AddColumnsOperation","Reference":"","Tag":"c9656f7b-ae31-4aa7-b1db-f24222bfb7b7","ContextTag":"29","ParentContextTag":"28"}|8ebf6978-1d64-11e9-b339-f4b7e2ccc86c
2019-01-21 18:10:13.2668|DEBUG|CLex|QueryCache|Cache added|{"Operation":"AddColumnsOperation","Reference":"","Tag":"c9656f7b-ae31-4aa7-b1db-f24222bfb7b7","ContextTag":"29","ParentContextTag":"28"}|8ebf6978-1d64-11e9-b339-f4b7e2ccc86c
2019-01-21 18:10:13.2668|DEBUG|CLex|QueryCache|Build RDD|{"Operation":"AddColumnsOperation","Reference":"","Tag":"c9656f7b-ae31-4aa7-b1db-f24222bfb7b7","ContextTag":"30","ParentContextTag":"29"}|8ebf6978-1d64-11e9-b339-f4b7e2ccc86c
2019-01-21 18:10:13.2668|DEBUG|CLex|QueryCache|Cache added|{"Operation":"AddColumnsOperation","Reference":"","Tag":"c9656f7b-ae31-4aa7-b1db-f24222bfb7b7","ContextTag":"30","ParentContextTag":"29"}|8ebf6978-1d64-11e9-b339-f4b7e2ccc86c
2019-01-21 18:10:13.2668|DEBUG|CLex|QueryCache|Build RDD|{"Operation":"AddColumnsOperation","Reference":"","Tag":"c9656f7b-ae31-4aa7-b1db-f24222bfb7b7","ContextTag":"31","ParentContextTag":"30"}|8ebf6978-1d64-11e9-b339-f4b7e2ccc86c
2019-01-21 18:10:13.2668|DEBUG|CLex|QueryCache|Cache added|{"Operation":"AddColumnsOperation","Reference":"","Tag":"c9656f7b-ae31-4aa7-b1db-f24222bfb7b7","ContextTag":"31","ParentContextTag":"30"}|8ebf6978-1d64-11e9-b339-f4b7e2ccc86c
2019-01-21 18:10:13.2668|DEBUG|CLex|QueryCache|Build RDD|{"Operation":"AddColumnsOperation","Reference":"","Tag":"c9656f7b-ae31-4aa7-b1db-f24222bfb7b7","ContextTag":"32","ParentContextTag":"31"}|8ebf6978-1d64-11e9-b339-f4b7e2ccc86c
2019-01-21 18:10:13.2668|DEBUG|CLex|QueryCache|Cache added|{"Operation":"AddColumnsOperation","Reference":"","Tag":"c9656f7b-ae31-4aa7-b1db-f24222bfb7b7","ContextTag":"32","ParentContextTag":"31"}|8ebf6978-1d64-11e9-b339-f4b7e2ccc86c
2019-01-21 18:10:13.2668|DEBUG|CLex|QueryCache|Build RDD|{"Operation":"AddColumnsOperation","Reference":"","Tag":"c9656f7b-ae31-4aa7-b1db-f24222bfb7b7","ContextTag":"33","ParentContextTag":"32"}|8ebf6978-1d64-11e9-b339-f4b7e2ccc86c
2019-01-21 18:10:13.2668|DEBUG|CLex|QueryCache|Cache added|{"Operation":"AddColumnsOperation","Reference":"","Tag":"c9656f7b-ae31-4aa7-b1db-f24222bfb7b7","ContextTag":"33","ParentContextTag":"32"}|8ebf6978-1d64-11e9-b339-f4b7e2ccc86c
2019-01-21 18:10:13.2668|DEBUG|CLex|QueryCache|Build RDD|{"Operation":"AddColumnsOperation","Reference":"","Tag":"c9656f7b-ae31-4aa7-b1db-f24222bfb7b7","ContextTag":"34","ParentContextTag":"33"}|8ebf6978-1d64-11e9-b339-f4b7e2ccc86c
2019-01-21 18:10:13.2668|DEBUG|CLex|QueryCache|Cache added|{"Operation":"AddColumnsOperation","Reference":"","Tag":"c9656f7b-ae31-4aa7-b1db-f24222bfb7b7","ContextTag":"34","ParentContextTag":"33"}|8ebf6978-1d64-11e9-b339-f4b7e2ccc86c
2019-01-21 18:10:13.2668|DEBUG|CLex|QueryCache|Build RDD|{"Operation":"RemoveColumnsOperation","Reference":"","Tag":"","ContextTag":"35","ParentContextTag":"34"}|8ebf6978-1d64-11e9-b339-f4b7e2ccc86c
2019-01-21 18:10:13.2668|DEBUG|CLex|QueryCache|Cache added|{"Operation":"RemoveColumnsOperation","Reference":"","Tag":"","ContextTag":"35","ParentContextTag":"34"}|8ebf6978-1d64-11e9-b339-f4b7e2ccc86c
2019-01-21 18:10:13.2668|DEBUG|CLex|QueryCache|Build RDD|{"Operation":"TakeOperation","Reference":"","Tag":"","ContextTag":"36","ParentContextTag":"35"}|8ebf6978-1d64-11e9-b339-f4b7e2ccc86c
2019-01-21 18:10:13.2668|DEBUG|CLex|QueryCache|Cache added|{"Operation":"TakeOperation","Reference":"","Tag":"","ContextTag":"36","ParentContextTag":"35"}|8ebf6978-1d64-11e9-b339-f4b7e2ccc86c
2019-01-21 18:10:13.2668|DEBUG|CLex|MapReduceExecutor|Execution Succeeded|{"ExecutionId":"e1458df1-f98d-4e46-830f-bfdae1816802","Main":"F+2cReOP/J3rmIc8ODvr9RPelGF/KHJEIL4Mvg8rQjs="}|8ebf6978-1d64-11e9-b339-f4b7e2ccc86c
2019-01-21 18:14:04.4046|DEBUG|CLex|MapReduceExecutor|Execution started|{"ExecutionId":"942f1511-5630-4c15-bfd5-0bcdec3dd1c7","Main":"d2XamH40/IDPFZ6/ragHXpd3aOanylx/0NxkN1/X4VU="}|8ebf6978-1d64-11e9-b339-f4b7e2ccc86c
2019-01-21 18:14:04.4046|DEBUG|CLex|QueryCacheOperationVisitor|Visiting activity. Activity: d2XamH40/IDPFZ6/ragHXpd3aOanylx/0NxkN1/X4VU=|8ebf6978-1d64-11e9-b339-f4b7e2ccc86c
2019-01-21 18:14:04.4046|DEBUG|CLex|QueryCache|Build RDD|{"Operation":"GetFilesOperation","Reference":"","Tag":"a41ca9f7-55d8-4c48-91aa-eb16a21f65f8","ContextTag":"37","ParentContextTag":""}|8ebf6978-1d64-11e9-b339-f4b7e2ccc86c
2019-01-21 18:14:04.4046|DEBUG|CLex|QueryCache|Cache added|{"Operation":"GetFilesOperation","Reference":"","Tag":"a41ca9f7-55d8-4c48-91aa-eb16a21f65f8","ContextTag":"37","ParentContextTag":""}|8ebf6978-1d64-11e9-b339-f4b7e2ccc86c
2019-01-21 18:14:04.4046|DEBUG|CLex|QueryCache|Build RDD|{"Operation":"ReadFilesOperation","Reference":"","Tag":"f9623829-d405-4ae9-b486-0c5347b5e37e","ContextTag":"38","ParentContextTag":"37"}|8ebf6978-1d64-11e9-b339-f4b7e2ccc86c
2019-01-21 18:14:04.4046|DEBUG|CLex|QueryCache|Cache added|{"Operation":"ReadFilesOperation","Reference":"","Tag":"f9623829-d405-4ae9-b486-0c5347b5e37e","ContextTag":"38","ParentContextTag":"37"}|8ebf6978-1d64-11e9-b339-f4b7e2ccc86c
2019-01-21 18:14:04.4046|DEBUG|CLex|QueryCache|Build RDD|{"Operation":"SplitColumnOperation","Reference":"","Tag":"f9623829-d405-4ae9-b486-0c5347b5e37e","ContextTag":"39","ParentContextTag":"38"}|8ebf6978-1d64-11e9-b339-f4b7e2ccc86c
2019-01-21 18:14:04.4046|DEBUG|CLex|QueryCache|Cache added|{"Operation":"SplitColumnOperation","Reference":"","Tag":"f9623829-d405-4ae9-b486-0c5347b5e37e","ContextTag":"39","ParentContextTag":"38"}|8ebf6978-1d64-11e9-b339-f4b7e2ccc86c
2019-01-21 18:14:04.4046|DEBUG|CLex|QueryCache|Build RDD|{"Operation":"PromoteHeadersOperation","Reference":"","Tag":"f9623829-d405-4ae9-b486-0c5347b5e37e","ContextTag":"40","ParentContextTag":"39"}|8ebf6978-1d64-11e9-b339-f4b7e2ccc86c
2019-01-21 18:14:04.4046|DEBUG|CLex|QueryCache|Cache added|{"Operation":"PromoteHeadersOperation","Reference":"","Tag":"f9623829-d405-4ae9-b486-0c5347b5e37e","ContextTag":"40","ParentContextTag":"39"}|8ebf6978-1d64-11e9-b339-f4b7e2ccc86c
2019-01-21 18:14:04.4046|DEBUG|CLex|QueryCache|Build RDD|{"Operation":"RemoveColumnsOperation","Reference":"","Tag":"","ContextTag":"41","ParentContextTag":"40"}|8ebf6978-1d64-11e9-b339-f4b7e2ccc86c
2019-01-21 18:14:04.4046|DEBUG|CLex|QueryCache|Cache added|{"Operation":"RemoveColumnsOperation","Reference":"","Tag":"","ContextTag":"41","ParentContextTag":"40"}|8ebf6978-1d64-11e9-b339-f4b7e2ccc86c
2019-01-21 18:14:04.4046|DEBUG|CLex|QueryCache|Build RDD|{"Operation":"TakeOperation","Reference":"","Tag":"14575a39-5792-4a93-ad7d-48d3c3e75d68","ContextTag":"42","ParentContextTag":"41"}|8ebf6978-1d64-11e9-b339-f4b7e2ccc86c
2019-01-21 18:14:04.4046|DEBUG|CLex|QueryCache|Cache added|{"Operation":"TakeOperation","Reference":"","Tag":"14575a39-5792-4a93-ad7d-48d3c3e75d68","ContextTag":"42","ParentContextTag":"41"}|8ebf6978-1d64-11e9-b339-f4b7e2ccc86c
2019-01-21 18:14:04.4046|DEBUG|CLex|QueryCache|Build RDD|{"Operation":"WriteFilesOperation","Reference":"","Tag":"1b536c3f-e148-4330-b831-f1408eec1a3f","ContextTag":"43","ParentContextTag":"42"}|8ebf6978-1d64-11e9-b339-f4b7e2ccc86c
2019-01-21 18:14:04.4364|DEBUG|CLex|QueryCache|Cache added|{"Operation":"WriteFilesOperation","Reference":"","Tag":"1b536c3f-e148-4330-b831-f1408eec1a3f","ContextTag":"43","ParentContextTag":"42"}|8ebf6978-1d64-11e9-b339-f4b7e2ccc86c
2019-01-21 18:14:04.4364|DEBUG|CLex|MapReduceExecutor|Execution Succeeded|{"ExecutionId":"942f1511-5630-4c15-bfd5-0bcdec3dd1c7","Main":"d2XamH40/IDPFZ6/ragHXpd3aOanylx/0NxkN1/X4VU="}|8ebf6978-1d64-11e9-b339-f4b7e2ccc86c
2019-01-21 18:14:06.9401|DEBUG|CLex|MapReduceExecutor|Execution started|{"ExecutionId":"bd24ba64-ee05-4508-8d62-c7b0f71def34","Main":"bYJNP/m60L9YTS7yWnMpqBcoz5vSonGaDcOJACpePKw="}|8ebf6978-1d64-11e9-b339-f4b7e2ccc86c
2019-01-21 18:14:06.9401|DEBUG|CLex|QueryCacheOperationVisitor|Visiting activity. Activity: bYJNP/m60L9YTS7yWnMpqBcoz5vSonGaDcOJACpePKw=|8ebf6978-1d64-11e9-b339-f4b7e2ccc86c
2019-01-21 18:14:06.9401|DEBUG|CLex|QueryCache|Cache hit|{"Operation":"GetFilesOperation","Reference":"","Tag":"a41ca9f7-55d8-4c48-91aa-eb16a21f65f8","ContextTag":"37","ParentContextTag":""}|8ebf6978-1d64-11e9-b339-f4b7e2ccc86c
2019-01-21 18:14:06.9401|DEBUG|CLex|QueryCache|Cache hit|{"Operation":"ReadFilesOperation","Reference":"","Tag":"f9623829-d405-4ae9-b486-0c5347b5e37e","ContextTag":"38","ParentContextTag":"37"}|8ebf6978-1d64-11e9-b339-f4b7e2ccc86c
2019-01-21 18:14:06.9401|DEBUG|CLex|QueryCache|Cache hit|{"Operation":"SplitColumnOperation","Reference":"","Tag":"f9623829-d405-4ae9-b486-0c5347b5e37e","ContextTag":"39","ParentContextTag":"38"}|8ebf6978-1d64-11e9-b339-f4b7e2ccc86c
2019-01-21 18:14:06.9401|DEBUG|CLex|QueryCache|Cache hit|{"Operation":"PromoteHeadersOperation","Reference":"","Tag":"f9623829-d405-4ae9-b486-0c5347b5e37e","ContextTag":"40","ParentContextTag":"39"}|8ebf6978-1d64-11e9-b339-f4b7e2ccc86c
2019-01-21 18:14:06.9401|DEBUG|CLex|QueryCache|Cache hit|{"Operation":"RemoveColumnsOperation","Reference":"","Tag":"","ContextTag":"41","ParentContextTag":"40"}|8ebf6978-1d64-11e9-b339-f4b7e2ccc86c
2019-01-21 18:14:06.9401|DEBUG|CLex|QueryCache|Build RDD|{"Operation":"GetDataProfileOperation","Reference":"","Tag":"","ContextTag":"44","ParentContextTag":"41"}|8ebf6978-1d64-11e9-b339-f4b7e2ccc86c
2019-01-21 18:14:07.4032|DEBUG|CLex|QueryCache|Cache added|{"Operation":"GetDataProfileOperation","Reference":"","Tag":"","ContextTag":"44","ParentContextTag":"41"}|8ebf6978-1d64-11e9-b339-f4b7e2ccc86c
2019-01-21 18:14:07.4032|DEBUG|CLex|MapReduceExecutor|Execution Succeeded|{"ExecutionId":"bd24ba64-ee05-4508-8d62-c7b0f71def34","Main":"bYJNP/m60L9YTS7yWnMpqBcoz5vSonGaDcOJACpePKw="}|8ebf6978-1d64-11e9-b339-f4b7e2ccc86c
2019-01-21 18:14:10.0571|DEBUG|CLex|MapReduceExecutor|Execution started|{"ExecutionId":"d5749652-2339-4757-aefc-c52baea14042","Main":"gFa9Kz28QxxAU0r3PhR8fC6XL7F9XrlDUBQiR3+QOL0="}|8ebf6978-1d64-11e9-b339-f4b7e2ccc86c
2019-01-21 18:14:10.0571|DEBUG|CLex|QueryCacheOperationVisitor|Visiting activity. Activity: gFa9Kz28QxxAU0r3PhR8fC6XL7F9XrlDUBQiR3+QOL0=|8ebf6978-1d64-11e9-b339-f4b7e2ccc86c
2019-01-21 18:14:10.0571|DEBUG|CLex|QueryCache|Cache hit|{"Operation":"GetFilesOperation","Reference":"","Tag":"a41ca9f7-55d8-4c48-91aa-eb16a21f65f8","ContextTag":"37","ParentContextTag":""}|8ebf6978-1d64-11e9-b339-f4b7e2ccc86c
2019-01-21 18:14:10.0571|DEBUG|CLex|QueryCache|Cache hit|{"Operation":"ReadFilesOperation","Reference":"","Tag":"f9623829-d405-4ae9-b486-0c5347b5e37e","ContextTag":"38","ParentContextTag":"37"}|8ebf6978-1d64-11e9-b339-f4b7e2ccc86c
2019-01-21 18:14:10.0571|DEBUG|CLex|QueryCache|Cache hit|{"Operation":"SplitColumnOperation","Reference":"","Tag":"f9623829-d405-4ae9-b486-0c5347b5e37e","ContextTag":"39","ParentContextTag":"38"}|8ebf6978-1d64-11e9-b339-f4b7e2ccc86c
2019-01-21 18:14:10.0571|DEBUG|CLex|QueryCache|Cache hit|{"Operation":"PromoteHeadersOperation","Reference":"","Tag":"f9623829-d405-4ae9-b486-0c5347b5e37e","ContextTag":"40","ParentContextTag":"39"}|8ebf6978-1d64-11e9-b339-f4b7e2ccc86c
2019-01-21 18:14:10.0571|DEBUG|CLex|QueryCache|Cache hit|{"Operation":"RemoveColumnsOperation","Reference":"","Tag":"","ContextTag":"41","ParentContextTag":"40"}|8ebf6978-1d64-11e9-b339-f4b7e2ccc86c
2019-01-21 18:14:10.0571|DEBUG|CLex|QueryCache|Build RDD|{"Operation":"GroupOperation","Reference":"","Tag":"000bf4be-aea2-4c83-b199-d407da465ac5","ContextTag":"45","ParentContextTag":"41"}|8ebf6978-1d64-11e9-b339-f4b7e2ccc86c
2019-01-21 18:14:10.0571|DEBUG|CLex|QueryCache|Cache added|{"Operation":"GroupOperation","Reference":"","Tag":"000bf4be-aea2-4c83-b199-d407da465ac5","ContextTag":"45","ParentContextTag":"41"}|8ebf6978-1d64-11e9-b339-f4b7e2ccc86c
2019-01-21 18:14:10.0571|DEBUG|CLex|QueryCache|Build RDD|{"Operation":"SummarizeOperation","Reference":"","Tag":"000bf4be-aea2-4c83-b199-d407da465ac5","ContextTag":"46","ParentContextTag":"45"}|8ebf6978-1d64-11e9-b339-f4b7e2ccc86c
2019-01-21 18:14:10.0571|DEBUG|CLex|QueryCache|Cache added|{"Operation":"SummarizeOperation","Reference":"","Tag":"000bf4be-aea2-4c83-b199-d407da465ac5","ContextTag":"46","ParentContextTag":"45"}|8ebf6978-1d64-11e9-b339-f4b7e2ccc86c
2019-01-21 18:14:10.0571|DEBUG|CLex|QueryCache|Build RDD|{"Operation":"AddColumnsOperation","Reference":"","Tag":"000bf4be-aea2-4c83-b199-d407da465ac5","ContextTag":"47","ParentContextTag":"46"}|8ebf6978-1d64-11e9-b339-f4b7e2ccc86c
2019-01-21 18:14:10.0571|DEBUG|CLex|QueryCache|Cache added|{"Operation":"AddColumnsOperation","Reference":"","Tag":"000bf4be-aea2-4c83-b199-d407da465ac5","ContextTag":"47","ParentContextTag":"46"}|8ebf6978-1d64-11e9-b339-f4b7e2ccc86c
2019-01-21 18:14:10.0571|DEBUG|CLex|QueryCache|Build RDD|{"Operation":"AddColumnsOperation","Reference":"","Tag":"000bf4be-aea2-4c83-b199-d407da465ac5","ContextTag":"48","ParentContextTag":"47"}|8ebf6978-1d64-11e9-b339-f4b7e2ccc86c
2019-01-21 18:14:10.0571|DEBUG|CLex|QueryCache|Cache added|{"Operation":"AddColumnsOperation","Reference":"","Tag":"000bf4be-aea2-4c83-b199-d407da465ac5","ContextTag":"48","ParentContextTag":"47"}|8ebf6978-1d64-11e9-b339-f4b7e2ccc86c
2019-01-21 18:14:10.0571|DEBUG|CLex|QueryCache|Build RDD|{"Operation":"AddColumnsOperation","Reference":"","Tag":"000bf4be-aea2-4c83-b199-d407da465ac5","ContextTag":"49","ParentContextTag":"48"}|8ebf6978-1d64-11e9-b339-f4b7e2ccc86c
2019-01-21 18:14:10.0571|DEBUG|CLex|QueryCache|Cache added|{"Operation":"AddColumnsOperation","Reference":"","Tag":"000bf4be-aea2-4c83-b199-d407da465ac5","ContextTag":"49","ParentContextTag":"48"}|8ebf6978-1d64-11e9-b339-f4b7e2ccc86c
2019-01-21 18:14:10.0571|DEBUG|CLex|QueryCache|Build RDD|{"Operation":"AddColumnsOperation","Reference":"","Tag":"000bf4be-aea2-4c83-b199-d407da465ac5","ContextTag":"50","ParentContextTag":"49"}|8ebf6978-1d64-11e9-b339-f4b7e2ccc86c
2019-01-21 18:14:10.0571|DEBUG|CLex|QueryCache|Cache added|{"Operation":"AddColumnsOperation","Reference":"","Tag":"000bf4be-aea2-4c83-b199-d407da465ac5","ContextTag":"50","ParentContextTag":"49"}|8ebf6978-1d64-11e9-b339-f4b7e2ccc86c
2019-01-21 18:14:10.0571|DEBUG|CLex|QueryCache|Build RDD|{"Operation":"AddColumnsOperation","Reference":"","Tag":"000bf4be-aea2-4c83-b199-d407da465ac5","ContextTag":"51","ParentContextTag":"50"}|8ebf6978-1d64-11e9-b339-f4b7e2ccc86c
2019-01-21 18:14:10.0571|DEBUG|CLex|QueryCache|Cache added|{"Operation":"AddColumnsOperation","Reference":"","Tag":"000bf4be-aea2-4c83-b199-d407da465ac5","ContextTag":"51","ParentContextTag":"50"}|8ebf6978-1d64-11e9-b339-f4b7e2ccc86c
2019-01-21 18:14:10.0571|DEBUG|CLex|QueryCache|Build RDD|{"Operation":"AddColumnsOperation","Reference":"","Tag":"000bf4be-aea2-4c83-b199-d407da465ac5","ContextTag":"52","ParentContextTag":"51"}|8ebf6978-1d64-11e9-b339-f4b7e2ccc86c
2019-01-21 18:14:10.0571|DEBUG|CLex|QueryCache|Cache added|{"Operation":"AddColumnsOperation","Reference":"","Tag":"000bf4be-aea2-4c83-b199-d407da465ac5","ContextTag":"52","ParentContextTag":"51"}|8ebf6978-1d64-11e9-b339-f4b7e2ccc86c
2019-01-21 18:14:10.0571|DEBUG|CLex|QueryCache|Build RDD|{"Operation":"AddColumnsOperation","Reference":"","Tag":"000bf4be-aea2-4c83-b199-d407da465ac5","ContextTag":"53","ParentContextTag":"52"}|8ebf6978-1d64-11e9-b339-f4b7e2ccc86c
2019-01-21 18:14:10.0571|DEBUG|CLex|QueryCache|Cache added|{"Operation":"AddColumnsOperation","Reference":"","Tag":"000bf4be-aea2-4c83-b199-d407da465ac5","ContextTag":"53","ParentContextTag":"52"}|8ebf6978-1d64-11e9-b339-f4b7e2ccc86c
2019-01-21 18:14:10.0571|DEBUG|CLex|QueryCache|Build RDD|{"Operation":"AddColumnsOperation","Reference":"","Tag":"000bf4be-aea2-4c83-b199-d407da465ac5","ContextTag":"54","ParentContextTag":"53"}|8ebf6978-1d64-11e9-b339-f4b7e2ccc86c
2019-01-21 18:14:10.0600|DEBUG|CLex|QueryCache|Cache added|{"Operation":"AddColumnsOperation","Reference":"","Tag":"000bf4be-aea2-4c83-b199-d407da465ac5","ContextTag":"54","ParentContextTag":"53"}|8ebf6978-1d64-11e9-b339-f4b7e2ccc86c
2019-01-21 18:14:10.0600|DEBUG|CLex|QueryCache|Build RDD|{"Operation":"AddColumnsOperation","Reference":"","Tag":"000bf4be-aea2-4c83-b199-d407da465ac5","ContextTag":"55","ParentContextTag":"54"}|8ebf6978-1d64-11e9-b339-f4b7e2ccc86c
2019-01-21 18:14:10.0600|DEBUG|CLex|QueryCache|Cache added|{"Operation":"AddColumnsOperation","Reference":"","Tag":"000bf4be-aea2-4c83-b199-d407da465ac5","ContextTag":"55","ParentContextTag":"54"}|8ebf6978-1d64-11e9-b339-f4b7e2ccc86c
2019-01-21 18:14:10.0600|DEBUG|CLex|QueryCache|Build RDD|{"Operation":"AddColumnsOperation","Reference":"","Tag":"000bf4be-aea2-4c83-b199-d407da465ac5","ContextTag":"56","ParentContextTag":"55"}|8ebf6978-1d64-11e9-b339-f4b7e2ccc86c
2019-01-21 18:14:10.0600|DEBUG|CLex|QueryCache|Cache added|{"Operation":"AddColumnsOperation","Reference":"","Tag":"000bf4be-aea2-4c83-b199-d407da465ac5","ContextTag":"56","ParentContextTag":"55"}|8ebf6978-1d64-11e9-b339-f4b7e2ccc86c
2019-01-21 18:14:10.0600|DEBUG|CLex|QueryCache|Build RDD|{"Operation":"AddColumnsOperation","Reference":"","Tag":"000bf4be-aea2-4c83-b199-d407da465ac5","ContextTag":"57","ParentContextTag":"56"}|8ebf6978-1d64-11e9-b339-f4b7e2ccc86c
2019-01-21 18:14:10.0600|DEBUG|CLex|QueryCache|Cache added|{"Operation":"AddColumnsOperation","Reference":"","Tag":"000bf4be-aea2-4c83-b199-d407da465ac5","ContextTag":"57","ParentContextTag":"56"}|8ebf6978-1d64-11e9-b339-f4b7e2ccc86c
2019-01-21 18:14:10.0600|DEBUG|CLex|QueryCache|Build RDD|{"Operation":"AddColumnsOperation","Reference":"","Tag":"000bf4be-aea2-4c83-b199-d407da465ac5","ContextTag":"58","ParentContextTag":"57"}|8ebf6978-1d64-11e9-b339-f4b7e2ccc86c
2019-01-21 18:14:10.0600|DEBUG|CLex|QueryCache|Cache added|{"Operation":"AddColumnsOperation","Reference":"","Tag":"000bf4be-aea2-4c83-b199-d407da465ac5","ContextTag":"58","ParentContextTag":"57"}|8ebf6978-1d64-11e9-b339-f4b7e2ccc86c
2019-01-21 18:14:10.0600|DEBUG|CLex|QueryCache|Build RDD|{"Operation":"AddColumnsOperation","Reference":"","Tag":"000bf4be-aea2-4c83-b199-d407da465ac5","ContextTag":"59","ParentContextTag":"58"}|8ebf6978-1d64-11e9-b339-f4b7e2ccc86c
2019-01-21 18:14:10.0600|DEBUG|CLex|QueryCache|Cache added|{"Operation":"AddColumnsOperation","Reference":"","Tag":"000bf4be-aea2-4c83-b199-d407da465ac5","ContextTag":"59","ParentContextTag":"58"}|8ebf6978-1d64-11e9-b339-f4b7e2ccc86c
2019-01-21 18:14:10.0600|DEBUG|CLex|QueryCache|Build RDD|{"Operation":"AddColumnsOperation","Reference":"","Tag":"000bf4be-aea2-4c83-b199-d407da465ac5","ContextTag":"60","ParentContextTag":"59"}|8ebf6978-1d64-11e9-b339-f4b7e2ccc86c
2019-01-21 18:14:10.0600|DEBUG|CLex|QueryCache|Cache added|{"Operation":"AddColumnsOperation","Reference":"","Tag":"000bf4be-aea2-4c83-b199-d407da465ac5","ContextTag":"60","ParentContextTag":"59"}|8ebf6978-1d64-11e9-b339-f4b7e2ccc86c
2019-01-21 18:14:10.0600|DEBUG|CLex|QueryCache|Build RDD|{"Operation":"AddColumnsOperation","Reference":"","Tag":"000bf4be-aea2-4c83-b199-d407da465ac5","ContextTag":"61","ParentContextTag":"60"}|8ebf6978-1d64-11e9-b339-f4b7e2ccc86c
2019-01-21 18:14:10.0600|DEBUG|CLex|QueryCache|Cache added|{"Operation":"AddColumnsOperation","Reference":"","Tag":"000bf4be-aea2-4c83-b199-d407da465ac5","ContextTag":"61","ParentContextTag":"60"}|8ebf6978-1d64-11e9-b339-f4b7e2ccc86c
2019-01-21 18:14:10.0600|DEBUG|CLex|QueryCache|Build RDD|{"Operation":"AddColumnsOperation","Reference":"","Tag":"000bf4be-aea2-4c83-b199-d407da465ac5","ContextTag":"62","ParentContextTag":"61"}|8ebf6978-1d64-11e9-b339-f4b7e2ccc86c
2019-01-21 18:14:10.0600|DEBUG|CLex|QueryCache|Cache added|{"Operation":"AddColumnsOperation","Reference":"","Tag":"000bf4be-aea2-4c83-b199-d407da465ac5","ContextTag":"62","ParentContextTag":"61"}|8ebf6978-1d64-11e9-b339-f4b7e2ccc86c
2019-01-21 18:14:10.0600|DEBUG|CLex|QueryCache|Build RDD|{"Operation":"AddColumnsOperation","Reference":"","Tag":"000bf4be-aea2-4c83-b199-d407da465ac5","ContextTag":"63","ParentContextTag":"62"}|8ebf6978-1d64-11e9-b339-f4b7e2ccc86c
2019-01-21 18:14:10.0600|DEBUG|CLex|QueryCache|Cache added|{"Operation":"AddColumnsOperation","Reference":"","Tag":"000bf4be-aea2-4c83-b199-d407da465ac5","ContextTag":"63","ParentContextTag":"62"}|8ebf6978-1d64-11e9-b339-f4b7e2ccc86c
2019-01-21 18:14:10.0600|DEBUG|CLex|QueryCache|Build RDD|{"Operation":"AddColumnsOperation","Reference":"","Tag":"000bf4be-aea2-4c83-b199-d407da465ac5","ContextTag":"64","ParentContextTag":"63"}|8ebf6978-1d64-11e9-b339-f4b7e2ccc86c
2019-01-21 18:14:10.0600|DEBUG|CLex|QueryCache|Cache added|{"Operation":"AddColumnsOperation","Reference":"","Tag":"000bf4be-aea2-4c83-b199-d407da465ac5","ContextTag":"64","ParentContextTag":"63"}|8ebf6978-1d64-11e9-b339-f4b7e2ccc86c
2019-01-21 18:14:10.0600|DEBUG|CLex|QueryCache|Build RDD|{"Operation":"AddColumnsOperation","Reference":"","Tag":"000bf4be-aea2-4c83-b199-d407da465ac5","ContextTag":"65","ParentContextTag":"64"}|8ebf6978-1d64-11e9-b339-f4b7e2ccc86c
2019-01-21 18:14:10.0600|DEBUG|CLex|QueryCache|Cache added|{"Operation":"AddColumnsOperation","Reference":"","Tag":"000bf4be-aea2-4c83-b199-d407da465ac5","ContextTag":"65","ParentContextTag":"64"}|8ebf6978-1d64-11e9-b339-f4b7e2ccc86c
2019-01-21 18:14:10.0600|DEBUG|CLex|QueryCache|Build RDD|{"Operation":"AddColumnsOperation","Reference":"","Tag":"000bf4be-aea2-4c83-b199-d407da465ac5","ContextTag":"66","ParentContextTag":"65"}|8ebf6978-1d64-11e9-b339-f4b7e2ccc86c
2019-01-21 18:14:10.0600|DEBUG|CLex|QueryCache|Cache added|{"Operation":"AddColumnsOperation","Reference":"","Tag":"000bf4be-aea2-4c83-b199-d407da465ac5","ContextTag":"66","ParentContextTag":"65"}|8ebf6978-1d64-11e9-b339-f4b7e2ccc86c
2019-01-21 18:14:10.0600|DEBUG|CLex|QueryCache|Build RDD|{"Operation":"AddColumnsOperation","Reference":"","Tag":"000bf4be-aea2-4c83-b199-d407da465ac5","ContextTag":"67","ParentContextTag":"66"}|8ebf6978-1d64-11e9-b339-f4b7e2ccc86c
2019-01-21 18:14:10.0600|DEBUG|CLex|QueryCache|Cache added|{"Operation":"AddColumnsOperation","Reference":"","Tag":"000bf4be-aea2-4c83-b199-d407da465ac5","ContextTag":"67","ParentContextTag":"66"}|8ebf6978-1d64-11e9-b339-f4b7e2ccc86c
2019-01-21 18:14:10.0600|DEBUG|CLex|QueryCache|Build RDD|{"Operation":"AddColumnsOperation","Reference":"","Tag":"000bf4be-aea2-4c83-b199-d407da465ac5","ContextTag":"68","ParentContextTag":"67"}|8ebf6978-1d64-11e9-b339-f4b7e2ccc86c
2019-01-21 18:14:10.0600|DEBUG|CLex|QueryCache|Cache added|{"Operation":"AddColumnsOperation","Reference":"","Tag":"000bf4be-aea2-4c83-b199-d407da465ac5","ContextTag":"68","ParentContextTag":"67"}|8ebf6978-1d64-11e9-b339-f4b7e2ccc86c
2019-01-21 18:14:10.0600|DEBUG|CLex|QueryCache|Build RDD|{"Operation":"AddColumnsOperation","Reference":"","Tag":"000bf4be-aea2-4c83-b199-d407da465ac5","ContextTag":"69","ParentContextTag":"68"}|8ebf6978-1d64-11e9-b339-f4b7e2ccc86c
2019-01-21 18:14:10.0600|DEBUG|CLex|QueryCache|Cache added|{"Operation":"AddColumnsOperation","Reference":"","Tag":"000bf4be-aea2-4c83-b199-d407da465ac5","ContextTag":"69","ParentContextTag":"68"}|8ebf6978-1d64-11e9-b339-f4b7e2ccc86c
2019-01-21 18:14:10.0600|DEBUG|CLex|QueryCache|Build RDD|{"Operation":"AddColumnsOperation","Reference":"","Tag":"000bf4be-aea2-4c83-b199-d407da465ac5","ContextTag":"70","ParentContextTag":"69"}|8ebf6978-1d64-11e9-b339-f4b7e2ccc86c
2019-01-21 18:14:10.0600|DEBUG|CLex|QueryCache|Cache added|{"Operation":"AddColumnsOperation","Reference":"","Tag":"000bf4be-aea2-4c83-b199-d407da465ac5","ContextTag":"70","ParentContextTag":"69"}|8ebf6978-1d64-11e9-b339-f4b7e2ccc86c
2019-01-21 18:14:10.0600|DEBUG|CLex|QueryCache|Build RDD|{"Operation":"AddColumnsOperation","Reference":"","Tag":"000bf4be-aea2-4c83-b199-d407da465ac5","ContextTag":"71","ParentContextTag":"70"}|8ebf6978-1d64-11e9-b339-f4b7e2ccc86c
2019-01-21 18:14:10.0600|DEBUG|CLex|QueryCache|Cache added|{"Operation":"AddColumnsOperation","Reference":"","Tag":"000bf4be-aea2-4c83-b199-d407da465ac5","ContextTag":"71","ParentContextTag":"70"}|8ebf6978-1d64-11e9-b339-f4b7e2ccc86c
2019-01-21 18:14:10.0600|DEBUG|CLex|QueryCache|Build RDD|{"Operation":"AddColumnsOperation","Reference":"","Tag":"000bf4be-aea2-4c83-b199-d407da465ac5","ContextTag":"72","ParentContextTag":"71"}|8ebf6978-1d64-11e9-b339-f4b7e2ccc86c
2019-01-21 18:14:10.0600|DEBUG|CLex|QueryCache|Cache added|{"Operation":"AddColumnsOperation","Reference":"","Tag":"000bf4be-aea2-4c83-b199-d407da465ac5","ContextTag":"72","ParentContextTag":"71"}|8ebf6978-1d64-11e9-b339-f4b7e2ccc86c
2019-01-21 18:14:10.0600|DEBUG|CLex|QueryCache|Build RDD|{"Operation":"RemoveColumnsOperation","Reference":"","Tag":"","ContextTag":"73","ParentContextTag":"72"}|8ebf6978-1d64-11e9-b339-f4b7e2ccc86c
2019-01-21 18:14:10.0600|DEBUG|CLex|QueryCache|Cache added|{"Operation":"RemoveColumnsOperation","Reference":"","Tag":"","ContextTag":"73","ParentContextTag":"72"}|8ebf6978-1d64-11e9-b339-f4b7e2ccc86c
2019-01-21 18:14:10.0600|DEBUG|CLex|QueryCache|Build RDD|{"Operation":"TakeOperation","Reference":"","Tag":"","ContextTag":"74","ParentContextTag":"73"}|8ebf6978-1d64-11e9-b339-f4b7e2ccc86c
2019-01-21 18:14:10.0600|DEBUG|CLex|QueryCache|Cache added|{"Operation":"TakeOperation","Reference":"","Tag":"","ContextTag":"74","ParentContextTag":"73"}|8ebf6978-1d64-11e9-b339-f4b7e2ccc86c
2019-01-21 18:14:10.0600|DEBUG|CLex|MapReduceExecutor|Execution Succeeded|{"ExecutionId":"d5749652-2339-4757-aefc-c52baea14042","Main":"gFa9Kz28QxxAU0r3PhR8fC6XL7F9XrlDUBQiR3+QOL0="}|8ebf6978-1d64-11e9-b339-f4b7e2ccc86c
2019-01-21 18:18:17.8417|DEBUG|CLex|MapReduceExecutor|Execution started|{"ExecutionId":"1e114d0c-06fa-4b90-9104-d3ec67342c2b","Main":"5Yir6nRdGwSLq2ta/g4MDV2JOSktdBD5HnJ9zqQdsoI="}|8ebf6978-1d64-11e9-b339-f4b7e2ccc86c
2019-01-21 18:18:17.8417|DEBUG|CLex|QueryCacheOperationVisitor|Visiting activity. Activity: 5Yir6nRdGwSLq2ta/g4MDV2JOSktdBD5HnJ9zqQdsoI=|8ebf6978-1d64-11e9-b339-f4b7e2ccc86c
2019-01-21 18:18:17.8417|DEBUG|CLex|QueryCache|Cache hit|{"Operation":"GetFilesOperation","Reference":"","Tag":"a41ca9f7-55d8-4c48-91aa-eb16a21f65f8","ContextTag":"37","ParentContextTag":""}|8ebf6978-1d64-11e9-b339-f4b7e2ccc86c
2019-01-21 18:18:17.8417|DEBUG|CLex|QueryCache|Cache hit|{"Operation":"ReadFilesOperation","Reference":"","Tag":"f9623829-d405-4ae9-b486-0c5347b5e37e","ContextTag":"38","ParentContextTag":"37"}|8ebf6978-1d64-11e9-b339-f4b7e2ccc86c
2019-01-21 18:18:17.8417|DEBUG|CLex|QueryCache|Cache hit|{"Operation":"SplitColumnOperation","Reference":"","Tag":"f9623829-d405-4ae9-b486-0c5347b5e37e","ContextTag":"39","ParentContextTag":"38"}|8ebf6978-1d64-11e9-b339-f4b7e2ccc86c
2019-01-21 18:18:17.8417|DEBUG|CLex|QueryCache|Cache hit|{"Operation":"PromoteHeadersOperation","Reference":"","Tag":"f9623829-d405-4ae9-b486-0c5347b5e37e","ContextTag":"40","ParentContextTag":"39"}|8ebf6978-1d64-11e9-b339-f4b7e2ccc86c
2019-01-21 18:18:17.8417|DEBUG|CLex|QueryCache|Cache hit|{"Operation":"RemoveColumnsOperation","Reference":"","Tag":"","ContextTag":"41","ParentContextTag":"40"}|8ebf6978-1d64-11e9-b339-f4b7e2ccc86c
2019-01-21 18:18:17.8417|DEBUG|CLex|QueryCache|Build RDD|{"Operation":"KeepColumnsOperation","Reference":"","Tag":"","ContextTag":"75","ParentContextTag":"41"}|8ebf6978-1d64-11e9-b339-f4b7e2ccc86c
2019-01-21 18:18:17.8417|DEBUG|CLex|QueryCache|Cache added|{"Operation":"KeepColumnsOperation","Reference":"","Tag":"","ContextTag":"75","ParentContextTag":"41"}|8ebf6978-1d64-11e9-b339-f4b7e2ccc86c
2019-01-21 18:18:17.8417|DEBUG|CLex|QueryCache|Build RDD|{"Operation":"WriteFilesOperation","Reference":"","Tag":"0c139d5f-74d2-4a60-9a1b-23ca44b94f3e","ContextTag":"76","ParentContextTag":"75"}|8ebf6978-1d64-11e9-b339-f4b7e2ccc86c
2019-01-21 18:18:18.1359|DEBUG|CLex|QueryCache|Cache added|{"Operation":"WriteFilesOperation","Reference":"","Tag":"0c139d5f-74d2-4a60-9a1b-23ca44b94f3e","ContextTag":"76","ParentContextTag":"75"}|8ebf6978-1d64-11e9-b339-f4b7e2ccc86c
2019-01-21 18:18:18.1359|DEBUG|CLex|MapReduceExecutor|Execution Succeeded|{"ExecutionId":"1e114d0c-06fa-4b90-9104-d3ec67342c2b","Main":"5Yir6nRdGwSLq2ta/g4MDV2JOSktdBD5HnJ9zqQdsoI="}|8ebf6978-1d64-11e9-b339-f4b7e2ccc86c
2019-01-21 18:18:26.4514|DEBUG|CLex|MapReduceExecutor|Execution started|{"ExecutionId":"e62a6ebb-8c6c-41d0-8857-7a94a7709626","Main":"WQyree/5SAHIdcSG0BrejNAV9rcfAj+IT2DQPaSWaNg="}|8ebf6978-1d64-11e9-b339-f4b7e2ccc86c
2019-01-21 18:18:26.4514|DEBUG|CLex|QueryCacheOperationVisitor|Visiting activity. Activity: WQyree/5SAHIdcSG0BrejNAV9rcfAj+IT2DQPaSWaNg=|8ebf6978-1d64-11e9-b339-f4b7e2ccc86c
2019-01-21 18:18:26.4514|DEBUG|CLex|QueryCache|Cache hit|{"Operation":"GetFilesOperation","Reference":"","Tag":"a41ca9f7-55d8-4c48-91aa-eb16a21f65f8","ContextTag":"37","ParentContextTag":""}|8ebf6978-1d64-11e9-b339-f4b7e2ccc86c
2019-01-21 18:18:26.4514|DEBUG|CLex|QueryCache|Cache hit|{"Operation":"ReadFilesOperation","Reference":"","Tag":"f9623829-d405-4ae9-b486-0c5347b5e37e","ContextTag":"38","ParentContextTag":"37"}|8ebf6978-1d64-11e9-b339-f4b7e2ccc86c
2019-01-21 18:18:26.4514|DEBUG|CLex|QueryCache|Cache hit|{"Operation":"SplitColumnOperation","Reference":"","Tag":"f9623829-d405-4ae9-b486-0c5347b5e37e","ContextTag":"39","ParentContextTag":"38"}|8ebf6978-1d64-11e9-b339-f4b7e2ccc86c
2019-01-21 18:18:26.4514|DEBUG|CLex|QueryCache|Cache hit|{"Operation":"PromoteHeadersOperation","Reference":"","Tag":"f9623829-d405-4ae9-b486-0c5347b5e37e","ContextTag":"40","ParentContextTag":"39"}|8ebf6978-1d64-11e9-b339-f4b7e2ccc86c
2019-01-21 18:18:26.4514|DEBUG|CLex|QueryCache|Cache hit|{"Operation":"RemoveColumnsOperation","Reference":"","Tag":"","ContextTag":"41","ParentContextTag":"40"}|8ebf6978-1d64-11e9-b339-f4b7e2ccc86c
2019-01-21 18:18:26.4514|DEBUG|CLex|QueryCache|Cache hit|{"Operation":"KeepColumnsOperation","Reference":"","Tag":"","ContextTag":"75","ParentContextTag":"41"}|8ebf6978-1d64-11e9-b339-f4b7e2ccc86c
2019-01-21 18:18:26.4514|DEBUG|CLex|QueryCache|Build RDD|{"Operation":"WriteFilesOperation","Reference":"","Tag":"73c7a84d-9320-415a-9f17-0b5b049843e4","ContextTag":"77","ParentContextTag":"75"}|8ebf6978-1d64-11e9-b339-f4b7e2ccc86c
2019-01-21 18:18:26.7356|DEBUG|CLex|QueryCache|Cache added|{"Operation":"WriteFilesOperation","Reference":"","Tag":"73c7a84d-9320-415a-9f17-0b5b049843e4","ContextTag":"77","ParentContextTag":"75"}|8ebf6978-1d64-11e9-b339-f4b7e2ccc86c
2019-01-21 18:18:26.7356|DEBUG|CLex|MapReduceExecutor|Execution Succeeded|{"ExecutionId":"e62a6ebb-8c6c-41d0-8857-7a94a7709626","Main":"WQyree/5SAHIdcSG0BrejNAV9rcfAj+IT2DQPaSWaNg="}|8ebf6978-1d64-11e9-b339-f4b7e2ccc86c
2019-01-21 18:34:40.5287|DEBUG|CLex|MapReduceExecutor|Execution started|{"ExecutionId":"3467b875-f98f-46ed-b0b4-f27853e5eb39","Main":"1JYxYAM/c7AeNe4vuAM6e6SSwDakICbzY4W7W3j4xuk="}|8ebf6978-1d64-11e9-b339-f4b7e2ccc86c
2019-01-21 18:34:40.5287|DEBUG|CLex|QueryCacheOperationVisitor|Visiting activity. Activity: 1JYxYAM/c7AeNe4vuAM6e6SSwDakICbzY4W7W3j4xuk=|8ebf6978-1d64-11e9-b339-f4b7e2ccc86c
2019-01-21 18:34:40.5287|DEBUG|CLex|QueryCache|Cache hit|{"Operation":"GetFilesOperation","Reference":"","Tag":"a41ca9f7-55d8-4c48-91aa-eb16a21f65f8","ContextTag":"37","ParentContextTag":""}|8ebf6978-1d64-11e9-b339-f4b7e2ccc86c
2019-01-21 18:34:40.5287|DEBUG|CLex|QueryCache|Cache hit|{"Operation":"ReadFilesOperation","Reference":"","Tag":"f9623829-d405-4ae9-b486-0c5347b5e37e","ContextTag":"38","ParentContextTag":"37"}|8ebf6978-1d64-11e9-b339-f4b7e2ccc86c
2019-01-21 18:34:40.5287|DEBUG|CLex|QueryCache|Cache hit|{"Operation":"SplitColumnOperation","Reference":"","Tag":"f9623829-d405-4ae9-b486-0c5347b5e37e","ContextTag":"39","ParentContextTag":"38"}|8ebf6978-1d64-11e9-b339-f4b7e2ccc86c
2019-01-21 18:34:40.5287|DEBUG|CLex|QueryCache|Cache hit|{"Operation":"PromoteHeadersOperation","Reference":"","Tag":"f9623829-d405-4ae9-b486-0c5347b5e37e","ContextTag":"40","ParentContextTag":"39"}|8ebf6978-1d64-11e9-b339-f4b7e2ccc86c
2019-01-21 18:34:40.5287|DEBUG|CLex|QueryCache|Cache hit|{"Operation":"RemoveColumnsOperation","Reference":"","Tag":"","ContextTag":"41","ParentContextTag":"40"}|8ebf6978-1d64-11e9-b339-f4b7e2ccc86c
2019-01-21 18:34:40.5287|DEBUG|CLex|QueryCache|Build RDD|{"Operation":"KeepColumnsOperation","Reference":"","Tag":"","ContextTag":"78","ParentContextTag":"41"}|8ebf6978-1d64-11e9-b339-f4b7e2ccc86c
2019-01-21 18:34:40.5287|DEBUG|CLex|QueryCache|Cache added|{"Operation":"KeepColumnsOperation","Reference":"","Tag":"","ContextTag":"78","ParentContextTag":"41"}|8ebf6978-1d64-11e9-b339-f4b7e2ccc86c
2019-01-21 18:34:40.5287|DEBUG|CLex|QueryCache|Build RDD|{"Operation":"WriteFilesOperation","Reference":"","Tag":"8ff5f9b8-a912-457d-a008-da584cc66e3f","ContextTag":"79","ParentContextTag":"78"}|8ebf6978-1d64-11e9-b339-f4b7e2ccc86c
2019-01-21 18:34:41.4161|DEBUG|CLex|QueryCache|Cache added|{"Operation":"WriteFilesOperation","Reference":"","Tag":"8ff5f9b8-a912-457d-a008-da584cc66e3f","ContextTag":"79","ParentContextTag":"78"}|8ebf6978-1d64-11e9-b339-f4b7e2ccc86c
2019-01-21 18:34:41.4161|DEBUG|CLex|MapReduceExecutor|Execution Succeeded|{"ExecutionId":"3467b875-f98f-46ed-b0b4-f27853e5eb39","Main":"1JYxYAM/c7AeNe4vuAM6e6SSwDakICbzY4W7W3j4xuk="}|8ebf6978-1d64-11e9-b339-f4b7e2ccc86c
2019-01-21 18:34:41.5916|DEBUG|CLex|MapReduceExecutor|Execution started|{"ExecutionId":"01d67895-c917-4d99-89d4-281fc01eca15","Main":"frPn7K1+Lx2rP/TRYd5ULnkf4V9677sfntJDZBPIi8k="}|8ebf6978-1d64-11e9-b339-f4b7e2ccc86c
2019-01-21 18:34:41.5916|DEBUG|CLex|QueryCacheOperationVisitor|Visiting activity. Activity: frPn7K1+Lx2rP/TRYd5ULnkf4V9677sfntJDZBPIi8k=|8ebf6978-1d64-11e9-b339-f4b7e2ccc86c
2019-01-21 18:34:41.5916|DEBUG|CLex|QueryCache|Cache hit|{"Operation":"GetFilesOperation","Reference":"","Tag":"a41ca9f7-55d8-4c48-91aa-eb16a21f65f8","ContextTag":"37","ParentContextTag":""}|8ebf6978-1d64-11e9-b339-f4b7e2ccc86c
2019-01-21 18:34:41.5916|DEBUG|CLex|QueryCache|Cache hit|{"Operation":"ReadFilesOperation","Reference":"","Tag":"f9623829-d405-4ae9-b486-0c5347b5e37e","ContextTag":"38","ParentContextTag":"37"}|8ebf6978-1d64-11e9-b339-f4b7e2ccc86c
2019-01-21 18:34:41.5916|DEBUG|CLex|QueryCache|Cache hit|{"Operation":"SplitColumnOperation","Reference":"","Tag":"f9623829-d405-4ae9-b486-0c5347b5e37e","ContextTag":"39","ParentContextTag":"38"}|8ebf6978-1d64-11e9-b339-f4b7e2ccc86c
2019-01-21 18:34:41.5916|DEBUG|CLex|QueryCache|Cache hit|{"Operation":"PromoteHeadersOperation","Reference":"","Tag":"f9623829-d405-4ae9-b486-0c5347b5e37e","ContextTag":"40","ParentContextTag":"39"}|8ebf6978-1d64-11e9-b339-f4b7e2ccc86c
2019-01-21 18:34:41.5916|DEBUG|CLex|QueryCache|Cache hit|{"Operation":"RemoveColumnsOperation","Reference":"","Tag":"","ContextTag":"41","ParentContextTag":"40"}|8ebf6978-1d64-11e9-b339-f4b7e2ccc86c
2019-01-21 18:34:41.5916|DEBUG|CLex|QueryCache|Cache hit|{"Operation":"KeepColumnsOperation","Reference":"","Tag":"","ContextTag":"75","ParentContextTag":"41"}|8ebf6978-1d64-11e9-b339-f4b7e2ccc86c
2019-01-21 18:34:41.5916|DEBUG|CLex|QueryCache|Build RDD|{"Operation":"WriteFilesOperation","Reference":"","Tag":"bdad6f50-573d-4c87-a3b5-dfb6d2255c88","ContextTag":"80","ParentContextTag":"75"}|8ebf6978-1d64-11e9-b339-f4b7e2ccc86c
2019-01-21 18:34:41.9018|DEBUG|CLex|QueryCache|Cache added|{"Operation":"WriteFilesOperation","Reference":"","Tag":"bdad6f50-573d-4c87-a3b5-dfb6d2255c88","ContextTag":"80","ParentContextTag":"75"}|8ebf6978-1d64-11e9-b339-f4b7e2ccc86c
2019-01-21 18:34:41.9018|DEBUG|CLex|MapReduceExecutor|Execution Succeeded|{"ExecutionId":"01d67895-c917-4d99-89d4-281fc01eca15","Main":"frPn7K1+Lx2rP/TRYd5ULnkf4V9677sfntJDZBPIi8k="}|8ebf6978-1d64-11e9-b339-f4b7e2ccc86c
2019-01-21 18:34:46.8730|DEBUG|CLex|MapReduceExecutor|Execution started|{"ExecutionId":"9bbb26c2-b8d7-4b9c-8185-cf6c5dfb145b","Main":"W3rWhUcLiB7JjRzXGMml07RwGN11F8lrXcZqzmXNwK0="}|8ebf6978-1d64-11e9-b339-f4b7e2ccc86c
2019-01-21 18:34:46.8730|DEBUG|CLex|QueryCacheOperationVisitor|Visiting activity. Activity: W3rWhUcLiB7JjRzXGMml07RwGN11F8lrXcZqzmXNwK0=|8ebf6978-1d64-11e9-b339-f4b7e2ccc86c
2019-01-21 18:34:46.8730|DEBUG|CLex|QueryCache|Cache hit|{"Operation":"GetFilesOperation","Reference":"","Tag":"a41ca9f7-55d8-4c48-91aa-eb16a21f65f8","ContextTag":"37","ParentContextTag":""}|8ebf6978-1d64-11e9-b339-f4b7e2ccc86c
2019-01-21 18:34:46.8730|DEBUG|CLex|QueryCache|Cache hit|{"Operation":"ReadFilesOperation","Reference":"","Tag":"f9623829-d405-4ae9-b486-0c5347b5e37e","ContextTag":"38","ParentContextTag":"37"}|8ebf6978-1d64-11e9-b339-f4b7e2ccc86c
2019-01-21 18:34:46.8730|DEBUG|CLex|QueryCache|Cache hit|{"Operation":"SplitColumnOperation","Reference":"","Tag":"f9623829-d405-4ae9-b486-0c5347b5e37e","ContextTag":"39","ParentContextTag":"38"}|8ebf6978-1d64-11e9-b339-f4b7e2ccc86c
2019-01-21 18:34:46.8730|DEBUG|CLex|QueryCache|Cache hit|{"Operation":"PromoteHeadersOperation","Reference":"","Tag":"f9623829-d405-4ae9-b486-0c5347b5e37e","ContextTag":"40","ParentContextTag":"39"}|8ebf6978-1d64-11e9-b339-f4b7e2ccc86c
2019-01-21 18:34:46.8730|DEBUG|CLex|QueryCache|Cache hit|{"Operation":"RemoveColumnsOperation","Reference":"","Tag":"","ContextTag":"41","ParentContextTag":"40"}|8ebf6978-1d64-11e9-b339-f4b7e2ccc86c
2019-01-21 18:34:46.8730|DEBUG|CLex|QueryCache|Cache hit|{"Operation":"KeepColumnsOperation","Reference":"","Tag":"","ContextTag":"78","ParentContextTag":"41"}|8ebf6978-1d64-11e9-b339-f4b7e2ccc86c
2019-01-21 18:34:46.8730|DEBUG|CLex|QueryCache|Build RDD|{"Operation":"WriteFilesOperation","Reference":"","Tag":"26a221e8-14dd-436b-a327-6c43c75669c7","ContextTag":"81","ParentContextTag":"78"}|8ebf6978-1d64-11e9-b339-f4b7e2ccc86c
2019-01-21 18:34:47.4310|DEBUG|CLex|QueryCache|Cache added|{"Operation":"WriteFilesOperation","Reference":"","Tag":"26a221e8-14dd-436b-a327-6c43c75669c7","ContextTag":"81","ParentContextTag":"78"}|8ebf6978-1d64-11e9-b339-f4b7e2ccc86c
2019-01-21 18:34:47.4310|DEBUG|CLex|MapReduceExecutor|Execution Succeeded|{"ExecutionId":"9bbb26c2-b8d7-4b9c-8185-cf6c5dfb145b","Main":"W3rWhUcLiB7JjRzXGMml07RwGN11F8lrXcZqzmXNwK0="}|8ebf6978-1d64-11e9-b339-f4b7e2ccc86c
2019-01-21 18:34:47.5600|DEBUG|CLex|MapReduceExecutor|Execution started|{"ExecutionId":"ced45a23-8649-4688-925c-5773585a30da","Main":"6wa238+7OVs8r7u/i0lTHBRMuxz0u7u4S4tbXltDRP0="}|8ebf6978-1d64-11e9-b339-f4b7e2ccc86c
2019-01-21 18:34:47.5600|DEBUG|CLex|QueryCacheOperationVisitor|Visiting activity. Activity: 6wa238+7OVs8r7u/i0lTHBRMuxz0u7u4S4tbXltDRP0=|8ebf6978-1d64-11e9-b339-f4b7e2ccc86c
2019-01-21 18:34:47.5600|DEBUG|CLex|QueryCache|Cache hit|{"Operation":"GetFilesOperation","Reference":"","Tag":"a41ca9f7-55d8-4c48-91aa-eb16a21f65f8","ContextTag":"37","ParentContextTag":""}|8ebf6978-1d64-11e9-b339-f4b7e2ccc86c
2019-01-21 18:34:47.5600|DEBUG|CLex|QueryCache|Cache hit|{"Operation":"ReadFilesOperation","Reference":"","Tag":"f9623829-d405-4ae9-b486-0c5347b5e37e","ContextTag":"38","ParentContextTag":"37"}|8ebf6978-1d64-11e9-b339-f4b7e2ccc86c
2019-01-21 18:34:47.5600|DEBUG|CLex|QueryCache|Cache hit|{"Operation":"SplitColumnOperation","Reference":"","Tag":"f9623829-d405-4ae9-b486-0c5347b5e37e","ContextTag":"39","ParentContextTag":"38"}|8ebf6978-1d64-11e9-b339-f4b7e2ccc86c
2019-01-21 18:34:47.5600|DEBUG|CLex|QueryCache|Cache hit|{"Operation":"PromoteHeadersOperation","Reference":"","Tag":"f9623829-d405-4ae9-b486-0c5347b5e37e","ContextTag":"40","ParentContextTag":"39"}|8ebf6978-1d64-11e9-b339-f4b7e2ccc86c
2019-01-21 18:34:47.5600|DEBUG|CLex|QueryCache|Cache hit|{"Operation":"RemoveColumnsOperation","Reference":"","Tag":"","ContextTag":"41","ParentContextTag":"40"}|8ebf6978-1d64-11e9-b339-f4b7e2ccc86c
2019-01-21 18:34:47.5600|DEBUG|CLex|QueryCache|Cache hit|{"Operation":"KeepColumnsOperation","Reference":"","Tag":"","ContextTag":"75","ParentContextTag":"41"}|8ebf6978-1d64-11e9-b339-f4b7e2ccc86c
2019-01-21 18:34:47.5600|DEBUG|CLex|QueryCache|Build RDD|{"Operation":"WriteFilesOperation","Reference":"","Tag":"cdce61ac-e3ec-401d-9daf-d819e6ba14c5","ContextTag":"82","ParentContextTag":"75"}|8ebf6978-1d64-11e9-b339-f4b7e2ccc86c
2019-01-21 18:34:47.7884|DEBUG|CLex|QueryCache|Cache added|{"Operation":"WriteFilesOperation","Reference":"","Tag":"cdce61ac-e3ec-401d-9daf-d819e6ba14c5","ContextTag":"82","ParentContextTag":"75"}|8ebf6978-1d64-11e9-b339-f4b7e2ccc86c
2019-01-21 18:34:47.7884|DEBUG|CLex|MapReduceExecutor|Execution Succeeded|{"ExecutionId":"ced45a23-8649-4688-925c-5773585a30da","Main":"6wa238+7OVs8r7u/i0lTHBRMuxz0u7u4S4tbXltDRP0="}|8ebf6978-1d64-11e9-b339-f4b7e2ccc86c
2019-01-21 18:36:23.5292|DEBUG|CLex|MapReduceExecutor|Execution started|{"ExecutionId":"b7dddff0-dc1d-4085-8b19-6d9b5e672707","Main":"128JUEA6Ac2M+DF37+zFLv2sU2Eq26lE7a/e2Qyxbc4="}|8ebf6978-1d64-11e9-b339-f4b7e2ccc86c
2019-01-21 18:36:23.5292|DEBUG|CLex|QueryCacheOperationVisitor|Visiting activity. Activity: 128JUEA6Ac2M+DF37+zFLv2sU2Eq26lE7a/e2Qyxbc4=|8ebf6978-1d64-11e9-b339-f4b7e2ccc86c
2019-01-21 18:36:23.5292|DEBUG|CLex|QueryCache|Cache hit|{"Operation":"GetFilesOperation","Reference":"","Tag":"a41ca9f7-55d8-4c48-91aa-eb16a21f65f8","ContextTag":"37","ParentContextTag":""}|8ebf6978-1d64-11e9-b339-f4b7e2ccc86c
2019-01-21 18:36:23.5292|DEBUG|CLex|QueryCache|Cache hit|{"Operation":"ReadFilesOperation","Reference":"","Tag":"f9623829-d405-4ae9-b486-0c5347b5e37e","ContextTag":"38","ParentContextTag":"37"}|8ebf6978-1d64-11e9-b339-f4b7e2ccc86c
2019-01-21 18:36:23.5292|DEBUG|CLex|QueryCache|Cache hit|{"Operation":"SplitColumnOperation","Reference":"","Tag":"f9623829-d405-4ae9-b486-0c5347b5e37e","ContextTag":"39","ParentContextTag":"38"}|8ebf6978-1d64-11e9-b339-f4b7e2ccc86c
2019-01-21 18:36:23.5292|DEBUG|CLex|QueryCache|Cache hit|{"Operation":"PromoteHeadersOperation","Reference":"","Tag":"f9623829-d405-4ae9-b486-0c5347b5e37e","ContextTag":"40","ParentContextTag":"39"}|8ebf6978-1d64-11e9-b339-f4b7e2ccc86c
2019-01-21 18:36:23.5292|DEBUG|CLex|QueryCache|Cache hit|{"Operation":"RemoveColumnsOperation","Reference":"","Tag":"","ContextTag":"41","ParentContextTag":"40"}|8ebf6978-1d64-11e9-b339-f4b7e2ccc86c
2019-01-21 18:36:23.5292|DEBUG|CLex|QueryCache|Cache hit|{"Operation":"KeepColumnsOperation","Reference":"","Tag":"","ContextTag":"78","ParentContextTag":"41"}|8ebf6978-1d64-11e9-b339-f4b7e2ccc86c
2019-01-21 18:36:23.5292|DEBUG|CLex|QueryCache|Build RDD|{"Operation":"WriteFilesOperation","Reference":"","Tag":"53f1955b-7cca-4821-8c12-fb8b6b0c9f80","ContextTag":"83","ParentContextTag":"78"}|8ebf6978-1d64-11e9-b339-f4b7e2ccc86c
2019-01-21 18:36:24.1072|DEBUG|CLex|QueryCache|Cache added|{"Operation":"WriteFilesOperation","Reference":"","Tag":"53f1955b-7cca-4821-8c12-fb8b6b0c9f80","ContextTag":"83","ParentContextTag":"78"}|8ebf6978-1d64-11e9-b339-f4b7e2ccc86c
2019-01-21 18:36:24.1072|DEBUG|CLex|MapReduceExecutor|Execution Succeeded|{"ExecutionId":"b7dddff0-dc1d-4085-8b19-6d9b5e672707","Main":"128JUEA6Ac2M+DF37+zFLv2sU2Eq26lE7a/e2Qyxbc4="}|8ebf6978-1d64-11e9-b339-f4b7e2ccc86c
2019-01-21 18:36:24.2187|DEBUG|CLex|MapReduceExecutor|Execution started|{"ExecutionId":"eaeb26fc-5c29-4e86-8e2d-96ebf81595a9","Main":"w4dv2VwOXWbR9jl1nAbEoO3qwap9VihbtwvByiffZMc="}|8ebf6978-1d64-11e9-b339-f4b7e2ccc86c
2019-01-21 18:36:24.2187|DEBUG|CLex|QueryCacheOperationVisitor|Visiting activity. Activity: w4dv2VwOXWbR9jl1nAbEoO3qwap9VihbtwvByiffZMc=|8ebf6978-1d64-11e9-b339-f4b7e2ccc86c
2019-01-21 18:36:24.2187|DEBUG|CLex|QueryCache|Cache hit|{"Operation":"GetFilesOperation","Reference":"","Tag":"a41ca9f7-55d8-4c48-91aa-eb16a21f65f8","ContextTag":"37","ParentContextTag":""}|8ebf6978-1d64-11e9-b339-f4b7e2ccc86c
2019-01-21 18:36:24.2187|DEBUG|CLex|QueryCache|Cache hit|{"Operation":"ReadFilesOperation","Reference":"","Tag":"f9623829-d405-4ae9-b486-0c5347b5e37e","ContextTag":"38","ParentContextTag":"37"}|8ebf6978-1d64-11e9-b339-f4b7e2ccc86c
2019-01-21 18:36:24.2187|DEBUG|CLex|QueryCache|Cache hit|{"Operation":"SplitColumnOperation","Reference":"","Tag":"f9623829-d405-4ae9-b486-0c5347b5e37e","ContextTag":"39","ParentContextTag":"38"}|8ebf6978-1d64-11e9-b339-f4b7e2ccc86c
2019-01-21 18:36:24.2187|DEBUG|CLex|QueryCache|Cache hit|{"Operation":"PromoteHeadersOperation","Reference":"","Tag":"f9623829-d405-4ae9-b486-0c5347b5e37e","ContextTag":"40","ParentContextTag":"39"}|8ebf6978-1d64-11e9-b339-f4b7e2ccc86c
2019-01-21 18:36:24.2187|DEBUG|CLex|QueryCache|Cache hit|{"Operation":"RemoveColumnsOperation","Reference":"","Tag":"","ContextTag":"41","ParentContextTag":"40"}|8ebf6978-1d64-11e9-b339-f4b7e2ccc86c
2019-01-21 18:36:24.2187|DEBUG|CLex|QueryCache|Cache hit|{"Operation":"KeepColumnsOperation","Reference":"","Tag":"","ContextTag":"75","ParentContextTag":"41"}|8ebf6978-1d64-11e9-b339-f4b7e2ccc86c
2019-01-21 18:36:24.2187|DEBUG|CLex|QueryCache|Build RDD|{"Operation":"WriteFilesOperation","Reference":"","Tag":"248ffe55-a0e9-42c1-9515-588eea0bacc9","ContextTag":"84","ParentContextTag":"75"}|8ebf6978-1d64-11e9-b339-f4b7e2ccc86c
2019-01-21 18:36:24.5341|DEBUG|CLex|QueryCache|Cache added|{"Operation":"WriteFilesOperation","Reference":"","Tag":"248ffe55-a0e9-42c1-9515-588eea0bacc9","ContextTag":"84","ParentContextTag":"75"}|8ebf6978-1d64-11e9-b339-f4b7e2ccc86c
2019-01-21 18:36:24.5341|DEBUG|CLex|MapReduceExecutor|Execution Succeeded|{"ExecutionId":"eaeb26fc-5c29-4e86-8e2d-96ebf81595a9","Main":"w4dv2VwOXWbR9jl1nAbEoO3qwap9VihbtwvByiffZMc="}|8ebf6978-1d64-11e9-b339-f4b7e2ccc86c
2019-01-21 18:46:33.0481|DEBUG|CLex|MapReduceExecutor|Execution started|{"ExecutionId":"dc20f0f1-3d98-429a-9c6c-a60cd729fc87","Main":"hScuPFCnN6Y0429NmBJ2lC59F1RMxDVy07VV2dAInw8="}|8ebf6978-1d64-11e9-b339-f4b7e2ccc86c
2019-01-21 18:46:33.0481|DEBUG|CLex|QueryCacheOperationVisitor|Visiting activity. Activity: hScuPFCnN6Y0429NmBJ2lC59F1RMxDVy07VV2dAInw8=|8ebf6978-1d64-11e9-b339-f4b7e2ccc86c
2019-01-21 18:46:33.0481|DEBUG|CLex|QueryCache|Cache hit|{"Operation":"GetFilesOperation","Reference":"","Tag":"a41ca9f7-55d8-4c48-91aa-eb16a21f65f8","ContextTag":"37","ParentContextTag":""}|8ebf6978-1d64-11e9-b339-f4b7e2ccc86c
2019-01-21 18:46:33.0481|DEBUG|CLex|QueryCache|Cache hit|{"Operation":"ReadFilesOperation","Reference":"","Tag":"f9623829-d405-4ae9-b486-0c5347b5e37e","ContextTag":"38","ParentContextTag":"37"}|8ebf6978-1d64-11e9-b339-f4b7e2ccc86c
2019-01-21 18:46:33.0481|DEBUG|CLex|QueryCache|Cache hit|{"Operation":"SplitColumnOperation","Reference":"","Tag":"f9623829-d405-4ae9-b486-0c5347b5e37e","ContextTag":"39","ParentContextTag":"38"}|8ebf6978-1d64-11e9-b339-f4b7e2ccc86c
2019-01-21 18:46:33.0481|DEBUG|CLex|QueryCache|Cache hit|{"Operation":"PromoteHeadersOperation","Reference":"","Tag":"f9623829-d405-4ae9-b486-0c5347b5e37e","ContextTag":"40","ParentContextTag":"39"}|8ebf6978-1d64-11e9-b339-f4b7e2ccc86c
2019-01-21 18:46:33.0481|DEBUG|CLex|QueryCache|Cache hit|{"Operation":"RemoveColumnsOperation","Reference":"","Tag":"","ContextTag":"41","ParentContextTag":"40"}|8ebf6978-1d64-11e9-b339-f4b7e2ccc86c
2019-01-21 18:46:33.0481|DEBUG|CLex|QueryCache|Build RDD|{"Operation":"TransformColumnsTypesOperation","Reference":"","Tag":"d701d5bb-0eef-44ce-acc8-bb657a020997","ContextTag":"85","ParentContextTag":"41"}|8ebf6978-1d64-11e9-b339-f4b7e2ccc86c
2019-01-21 18:46:33.0680|DEBUG|CLex|QueryCache|Cache added|{"Operation":"TransformColumnsTypesOperation","Reference":"","Tag":"d701d5bb-0eef-44ce-acc8-bb657a020997","ContextTag":"85","ParentContextTag":"41"}|8ebf6978-1d64-11e9-b339-f4b7e2ccc86c
2019-01-21 18:46:33.0680|DEBUG|CLex|QueryCache|Build RDD|{"Operation":"TransformColumnsTypesOperation","Reference":"","Tag":"9a477415-1da6-4547-bf03-c36b4fde5069","ContextTag":"86","ParentContextTag":"85"}|8ebf6978-1d64-11e9-b339-f4b7e2ccc86c
2019-01-21 18:46:33.0680|DEBUG|CLex|QueryCache|Cache added|{"Operation":"TransformColumnsTypesOperation","Reference":"","Tag":"9a477415-1da6-4547-bf03-c36b4fde5069","ContextTag":"86","ParentContextTag":"85"}|8ebf6978-1d64-11e9-b339-f4b7e2ccc86c
2019-01-21 18:46:33.0680|DEBUG|CLex|QueryCache|Build RDD|{"Operation":"TakeOperation","Reference":"","Tag":"a5dfe03f-aa33-4f0e-9b1d-cdf4fdb9478a","ContextTag":"87","ParentContextTag":"86"}|8ebf6978-1d64-11e9-b339-f4b7e2ccc86c
2019-01-21 18:46:33.0680|DEBUG|CLex|QueryCache|Cache added|{"Operation":"TakeOperation","Reference":"","Tag":"a5dfe03f-aa33-4f0e-9b1d-cdf4fdb9478a","ContextTag":"87","ParentContextTag":"86"}|8ebf6978-1d64-11e9-b339-f4b7e2ccc86c
2019-01-21 18:46:33.0680|DEBUG|CLex|QueryCache|Build RDD|{"Operation":"WriteFilesOperation","Reference":"","Tag":"d3eb4b1e-663f-464c-b187-4bc1be97d46f","ContextTag":"88","ParentContextTag":"87"}|8ebf6978-1d64-11e9-b339-f4b7e2ccc86c
2019-01-21 18:46:33.1904|DEBUG|CLex|QueryCache|Cache added|{"Operation":"WriteFilesOperation","Reference":"","Tag":"d3eb4b1e-663f-464c-b187-4bc1be97d46f","ContextTag":"88","ParentContextTag":"87"}|8ebf6978-1d64-11e9-b339-f4b7e2ccc86c
2019-01-21 18:46:33.1904|DEBUG|CLex|MapReduceExecutor|Execution Succeeded|{"ExecutionId":"dc20f0f1-3d98-429a-9c6c-a60cd729fc87","Main":"hScuPFCnN6Y0429NmBJ2lC59F1RMxDVy07VV2dAInw8="}|8ebf6978-1d64-11e9-b339-f4b7e2ccc86c
