2019-01-21 17:56:56.3627|DEBUG|Activity|Blocks|Adding block|{"Type":"Microsoft.DPrep.GetFilesBlock","id":"20b05457-36ea-4e1a-b417-83fa714130bb","position":0,"ActivityId":"7959626a-4956-49cc-b923-ee08e9ce0a34","BranchId":"00000000-0000-0000-0000-000000000000"}|df09f586-1d62-11e9-a1e2-f4b7e2ccc86c
2019-01-21 17:56:56.4436|DEBUG|Activity|Blocks|Adding block|{"Type":"Microsoft.DPrep.ParseDelimitedBlock","id":"a5f0baba-a326-4318-8925-3e31929fff0f","position":1,"ActivityId":"7959626a-4956-49cc-b923-ee08e9ce0a34","BranchId":"00000000-0000-0000-0000-000000000000"}|df09f586-1d62-11e9-a1e2-f4b7e2ccc86c
2019-01-21 17:56:56.4516|DEBUG|Activity|Blocks|Adding block|{"Type":"Microsoft.DPrep.DropColumnsBlock","id":"efe49331-057c-4ea2-86c1-dd300fa0576a","position":2,"ActivityId":"7959626a-4956-49cc-b923-ee08e9ce0a34","BranchId":"00000000-0000-0000-0000-000000000000"}|df09f586-1d62-11e9-a1e2-f4b7e2ccc86c
2019-01-21 17:56:56.4516|DEBUG|Activity|Blocks|Adding block|{"Type":"Microsoft.DPrep.TakeBlock","id":"68b34153-7cf3-4576-88bf-ec9f913fc8cd","position":3,"ActivityId":"7959626a-4956-49cc-b923-ee08e9ce0a34","BranchId":"00000000-0000-0000-0000-000000000000"}|df09f586-1d62-11e9-a1e2-f4b7e2ccc86c
2019-01-21 17:56:56.9829|DEBUG|Activity|Blocks|Adding block|{"Type":"Microsoft.DPrep.GetFilesBlock","id":"20b05457-36ea-4e1a-b417-83fa714130bb","position":0,"ActivityId":"c52713fd-ec1a-4342-a931-1cb77c009dd2","BranchId":"00000000-0000-0000-0000-000000000000"}|df09f586-1d62-11e9-a1e2-f4b7e2ccc86c
2019-01-21 17:56:56.9829|DEBUG|Activity|Blocks|Adding block|{"Type":"Microsoft.DPrep.ParseDelimitedBlock","id":"a5f0baba-a326-4318-8925-3e31929fff0f","position":1,"ActivityId":"c52713fd-ec1a-4342-a931-1cb77c009dd2","BranchId":"00000000-0000-0000-0000-000000000000"}|df09f586-1d62-11e9-a1e2-f4b7e2ccc86c
2019-01-21 17:56:56.9829|DEBUG|Activity|Blocks|Adding block|{"Type":"Microsoft.DPrep.DropColumnsBlock","id":"efe49331-057c-4ea2-86c1-dd300fa0576a","position":2,"ActivityId":"c52713fd-ec1a-4342-a931-1cb77c009dd2","BranchId":"00000000-0000-0000-0000-000000000000"}|df09f586-1d62-11e9-a1e2-f4b7e2ccc86c
2019-01-21 17:56:56.9829|DEBUG|Activity|Blocks|Adding block|{"Type":"Microsoft.DPrep.TakeBlock","id":"68b34153-7cf3-4576-88bf-ec9f913fc8cd","position":3,"ActivityId":"c52713fd-ec1a-4342-a931-1cb77c009dd2","BranchId":"00000000-0000-0000-0000-000000000000"}|df09f586-1d62-11e9-a1e2-f4b7e2ccc86c
2019-01-21 17:56:56.9829|DEBUG|Activity|Blocks|Adding block|{"Type":"Microsoft.DPrep.WriteDataSetBlock","id":"c013a3fc-3895-4c7b-a7b1-0b243cf48747","position":4,"ActivityId":"c52713fd-ec1a-4342-a931-1cb77c009dd2","BranchId":"00000000-0000-0000-0000-000000000000"}|df09f586-1d62-11e9-a1e2-f4b7e2ccc86c
2019-01-21 18:08:55.6198|DEBUG|Activity|Blocks|Adding block|{"Type":"Microsoft.DPrep.GetFilesBlock","id":"ab556ec0-7bb6-47a0-9d0d-7faee91ea31a","position":0,"ActivityId":"9454f4ac-06b7-4c9a-bc3e-4070e4f3295d","BranchId":"00000000-0000-0000-0000-000000000000"}|8ebf6978-1d64-11e9-b339-f4b7e2ccc86c
2019-01-21 18:08:55.6838|DEBUG|Activity|Blocks|Adding block|{"Type":"Microsoft.DPrep.ParseDelimitedBlock","id":"8faec8fa-f7ef-4a9e-9149-f60bae32389a","position":1,"ActivityId":"9454f4ac-06b7-4c9a-bc3e-4070e4f3295d","BranchId":"00000000-0000-0000-0000-000000000000"}|8ebf6978-1d64-11e9-b339-f4b7e2ccc86c
2019-01-21 18:08:55.6942|DEBUG|Activity|Blocks|Adding block|{"Type":"Microsoft.DPrep.DropColumnsBlock","id":"7340e929-00af-48a5-bf75-e73d0f3190a8","position":2,"ActivityId":"9454f4ac-06b7-4c9a-bc3e-4070e4f3295d","BranchId":"00000000-0000-0000-0000-000000000000"}|8ebf6978-1d64-11e9-b339-f4b7e2ccc86c
2019-01-21 18:08:55.6942|DEBUG|Activity|Blocks|Adding block|{"Type":"Microsoft.DPrep.TakeBlock","id":"63a20263-58c9-4e82-a98e-7220d5a9919a","position":3,"ActivityId":"9454f4ac-06b7-4c9a-bc3e-4070e4f3295d","BranchId":"00000000-0000-0000-0000-000000000000"}|8ebf6978-1d64-11e9-b339-f4b7e2ccc86c
2019-01-21 18:08:55.9348|DEBUG|Activity|Blocks|Adding block|{"Type":"Microsoft.DPrep.GetFilesBlock","id":"ab556ec0-7bb6-47a0-9d0d-7faee91ea31a","position":0,"ActivityId":"e2396c7f-4edf-4abc-be7d-48e34ccaa062","BranchId":"00000000-0000-0000-0000-000000000000"}|8ebf6978-1d64-11e9-b339-f4b7e2ccc86c
2019-01-21 18:08:55.9348|DEBUG|Activity|Blocks|Adding block|{"Type":"Microsoft.DPrep.ParseDelimitedBlock","id":"8faec8fa-f7ef-4a9e-9149-f60bae32389a","position":1,"ActivityId":"e2396c7f-4edf-4abc-be7d-48e34ccaa062","BranchId":"00000000-0000-0000-0000-000000000000"}|8ebf6978-1d64-11e9-b339-f4b7e2ccc86c
2019-01-21 18:08:55.9348|DEBUG|Activity|Blocks|Adding block|{"Type":"Microsoft.DPrep.DropColumnsBlock","id":"7340e929-00af-48a5-bf75-e73d0f3190a8","position":2,"ActivityId":"e2396c7f-4edf-4abc-be7d-48e34ccaa062","BranchId":"00000000-0000-0000-0000-000000000000"}|8ebf6978-1d64-11e9-b339-f4b7e2ccc86c
2019-01-21 18:08:55.9348|DEBUG|Activity|Blocks|Adding block|{"Type":"Microsoft.DPrep.TakeBlock","id":"63a20263-58c9-4e82-a98e-7220d5a9919a","position":3,"ActivityId":"e2396c7f-4edf-4abc-be7d-48e34ccaa062","BranchId":"00000000-0000-0000-0000-000000000000"}|8ebf6978-1d64-11e9-b339-f4b7e2ccc86c
2019-01-21 18:08:55.9348|DEBUG|Activity|Blocks|Adding block|{"Type":"Microsoft.DPrep.WriteDataSetBlock","id":"9b40818f-a88d-49e0-bd1b-0b6483f9a48f","position":4,"ActivityId":"e2396c7f-4edf-4abc-be7d-48e34ccaa062","BranchId":"00000000-0000-0000-0000-000000000000"}|8ebf6978-1d64-11e9-b339-f4b7e2ccc86c
2019-01-21 18:10:11.2174|DEBUG|Activity|Blocks|Adding block|{"Type":"Microsoft.DPrep.GetFilesBlock","id":"ab556ec0-7bb6-47a0-9d0d-7faee91ea31a","position":0,"ActivityId":"ff51654f-59de-4562-be8e-8aef207187ac","BranchId":"00000000-0000-0000-0000-000000000000"}|8ebf6978-1d64-11e9-b339-f4b7e2ccc86c
2019-01-21 18:10:11.2174|DEBUG|Activity|Blocks|Adding block|{"Type":"Microsoft.DPrep.ParseDelimitedBlock","id":"8faec8fa-f7ef-4a9e-9149-f60bae32389a","position":1,"ActivityId":"ff51654f-59de-4562-be8e-8aef207187ac","BranchId":"00000000-0000-0000-0000-000000000000"}|8ebf6978-1d64-11e9-b339-f4b7e2ccc86c
2019-01-21 18:10:11.2174|DEBUG|Activity|Blocks|Adding block|{"Type":"Microsoft.DPrep.DropColumnsBlock","id":"7340e929-00af-48a5-bf75-e73d0f3190a8","position":2,"ActivityId":"ff51654f-59de-4562-be8e-8aef207187ac","BranchId":"00000000-0000-0000-0000-000000000000"}|8ebf6978-1d64-11e9-b339-f4b7e2ccc86c
2019-01-21 18:10:11.2472|DEBUG|Activity|Blocks|Adding block|{"Type":"Microsoft.DPrep.GetFilesBlock","id":"ab556ec0-7bb6-47a0-9d0d-7faee91ea31a","position":0,"ActivityId":"86cbeef5-c613-4b23-9140-fb19798f53c5","BranchId":"00000000-0000-0000-0000-000000000000"}|8ebf6978-1d64-11e9-b339-f4b7e2ccc86c
2019-01-21 18:10:11.2472|DEBUG|Activity|Blocks|Adding block|{"Type":"Microsoft.DPrep.ParseDelimitedBlock","id":"8faec8fa-f7ef-4a9e-9149-f60bae32389a","position":1,"ActivityId":"86cbeef5-c613-4b23-9140-fb19798f53c5","BranchId":"00000000-0000-0000-0000-000000000000"}|8ebf6978-1d64-11e9-b339-f4b7e2ccc86c
2019-01-21 18:10:11.2472|DEBUG|Activity|Blocks|Adding block|{"Type":"Microsoft.DPrep.DropColumnsBlock","id":"7340e929-00af-48a5-bf75-e73d0f3190a8","position":2,"ActivityId":"86cbeef5-c613-4b23-9140-fb19798f53c5","BranchId":"00000000-0000-0000-0000-000000000000"}|8ebf6978-1d64-11e9-b339-f4b7e2ccc86c
2019-01-21 18:14:04.3906|DEBUG|Activity|Blocks|Adding block|{"Type":"Microsoft.DPrep.GetFilesBlock","id":"a41ca9f7-55d8-4c48-91aa-eb16a21f65f8","position":0,"ActivityId":"a4f6fa97-faa8-4ec5-ab13-93fa7b74b8f9","BranchId":"00000000-0000-0000-0000-000000000000"}|8ebf6978-1d64-11e9-b339-f4b7e2ccc86c
2019-01-21 18:14:04.3906|DEBUG|Activity|Blocks|Adding block|{"Type":"Microsoft.DPrep.ParseDelimitedBlock","id":"f9623829-d405-4ae9-b486-0c5347b5e37e","position":1,"ActivityId":"a4f6fa97-faa8-4ec5-ab13-93fa7b74b8f9","BranchId":"00000000-0000-0000-0000-000000000000"}|8ebf6978-1d64-11e9-b339-f4b7e2ccc86c
2019-01-21 18:14:04.3906|DEBUG|Activity|Blocks|Adding block|{"Type":"Microsoft.DPrep.DropColumnsBlock","id":"b51f8464-2221-47dc-a254-49633facd331","position":2,"ActivityId":"a4f6fa97-faa8-4ec5-ab13-93fa7b74b8f9","BranchId":"00000000-0000-0000-0000-000000000000"}|8ebf6978-1d64-11e9-b339-f4b7e2ccc86c
2019-01-21 18:14:04.3906|DEBUG|Activity|Blocks|Adding block|{"Type":"Microsoft.DPrep.TakeBlock","id":"14575a39-5792-4a93-ad7d-48d3c3e75d68","position":3,"ActivityId":"a4f6fa97-faa8-4ec5-ab13-93fa7b74b8f9","BranchId":"00000000-0000-0000-0000-000000000000"}|8ebf6978-1d64-11e9-b339-f4b7e2ccc86c
2019-01-21 18:14:04.3906|DEBUG|Activity|Blocks|Adding block|{"Type":"Microsoft.DPrep.GetFilesBlock","id":"a41ca9f7-55d8-4c48-91aa-eb16a21f65f8","position":0,"ActivityId":"3689f64e-aadd-42bf-979f-8e11ead778cd","BranchId":"00000000-0000-0000-0000-000000000000"}|8ebf6978-1d64-11e9-b339-f4b7e2ccc86c
2019-01-21 18:14:04.3906|DEBUG|Activity|Blocks|Adding block|{"Type":"Microsoft.DPrep.ParseDelimitedBlock","id":"f9623829-d405-4ae9-b486-0c5347b5e37e","position":1,"ActivityId":"3689f64e-aadd-42bf-979f-8e11ead778cd","BranchId":"00000000-0000-0000-0000-000000000000"}|8ebf6978-1d64-11e9-b339-f4b7e2ccc86c
2019-01-21 18:14:04.3906|DEBUG|Activity|Blocks|Adding block|{"Type":"Microsoft.DPrep.DropColumnsBlock","id":"b51f8464-2221-47dc-a254-49633facd331","position":2,"ActivityId":"3689f64e-aadd-42bf-979f-8e11ead778cd","BranchId":"00000000-0000-0000-0000-000000000000"}|8ebf6978-1d64-11e9-b339-f4b7e2ccc86c
2019-01-21 18:14:04.3906|DEBUG|Activity|Blocks|Adding block|{"Type":"Microsoft.DPrep.TakeBlock","id":"14575a39-5792-4a93-ad7d-48d3c3e75d68","position":3,"ActivityId":"3689f64e-aadd-42bf-979f-8e11ead778cd","BranchId":"00000000-0000-0000-0000-000000000000"}|8ebf6978-1d64-11e9-b339-f4b7e2ccc86c
2019-01-21 18:14:04.3906|DEBUG|Activity|Blocks|Adding block|{"Type":"Microsoft.DPrep.WriteDataSetBlock","id":"1b536c3f-e148-4330-b831-f1408eec1a3f","position":4,"ActivityId":"3689f64e-aadd-42bf-979f-8e11ead778cd","BranchId":"00000000-0000-0000-0000-000000000000"}|8ebf6978-1d64-11e9-b339-f4b7e2ccc86c
2019-01-21 18:14:06.9191|DEBUG|Activity|Blocks|Adding block|{"Type":"Microsoft.DPrep.GetFilesBlock","id":"a41ca9f7-55d8-4c48-91aa-eb16a21f65f8","position":0,"ActivityId":"4c4be45c-2925-4f21-aa1d-f7ce04de247f","BranchId":"00000000-0000-0000-0000-000000000000"}|8ebf6978-1d64-11e9-b339-f4b7e2ccc86c
2019-01-21 18:14:06.9191|DEBUG|Activity|Blocks|Adding block|{"Type":"Microsoft.DPrep.ParseDelimitedBlock","id":"f9623829-d405-4ae9-b486-0c5347b5e37e","position":1,"ActivityId":"4c4be45c-2925-4f21-aa1d-f7ce04de247f","BranchId":"00000000-0000-0000-0000-000000000000"}|8ebf6978-1d64-11e9-b339-f4b7e2ccc86c
2019-01-21 18:14:06.9191|DEBUG|Activity|Blocks|Adding block|{"Type":"Microsoft.DPrep.DropColumnsBlock","id":"b51f8464-2221-47dc-a254-49633facd331","position":2,"ActivityId":"4c4be45c-2925-4f21-aa1d-f7ce04de247f","BranchId":"00000000-0000-0000-0000-000000000000"}|8ebf6978-1d64-11e9-b339-f4b7e2ccc86c
2019-01-21 18:14:06.9191|DEBUG|Activity|Blocks|Adding block|{"Type":"Microsoft.DPrep.GetFilesBlock","id":"a41ca9f7-55d8-4c48-91aa-eb16a21f65f8","position":0,"ActivityId":"48346245-6921-407e-a0b4-468d5bfb91d6","BranchId":"00000000-0000-0000-0000-000000000000"}|8ebf6978-1d64-11e9-b339-f4b7e2ccc86c
2019-01-21 18:14:06.9191|DEBUG|Activity|Blocks|Adding block|{"Type":"Microsoft.DPrep.ParseDelimitedBlock","id":"f9623829-d405-4ae9-b486-0c5347b5e37e","position":1,"ActivityId":"48346245-6921-407e-a0b4-468d5bfb91d6","BranchId":"00000000-0000-0000-0000-000000000000"}|8ebf6978-1d64-11e9-b339-f4b7e2ccc86c
2019-01-21 18:14:06.9191|DEBUG|Activity|Blocks|Adding block|{"Type":"Microsoft.DPrep.DropColumnsBlock","id":"b51f8464-2221-47dc-a254-49633facd331","position":2,"ActivityId":"48346245-6921-407e-a0b4-468d5bfb91d6","BranchId":"00000000-0000-0000-0000-000000000000"}|8ebf6978-1d64-11e9-b339-f4b7e2ccc86c
2019-01-21 18:18:17.8275|DEBUG|Activity|Blocks|Adding block|{"Type":"Microsoft.DPrep.GetFilesBlock","id":"a41ca9f7-55d8-4c48-91aa-eb16a21f65f8","position":0,"ActivityId":"4c71377c-5c8c-49a4-a147-9bd4c603818e","BranchId":"00000000-0000-0000-0000-000000000000"}|8ebf6978-1d64-11e9-b339-f4b7e2ccc86c
2019-01-21 18:18:17.8275|DEBUG|Activity|Blocks|Adding block|{"Type":"Microsoft.DPrep.ParseDelimitedBlock","id":"f9623829-d405-4ae9-b486-0c5347b5e37e","position":1,"ActivityId":"4c71377c-5c8c-49a4-a147-9bd4c603818e","BranchId":"00000000-0000-0000-0000-000000000000"}|8ebf6978-1d64-11e9-b339-f4b7e2ccc86c
2019-01-21 18:18:17.8275|DEBUG|Activity|Blocks|Adding block|{"Type":"Microsoft.DPrep.DropColumnsBlock","id":"b51f8464-2221-47dc-a254-49633facd331","position":2,"ActivityId":"4c71377c-5c8c-49a4-a147-9bd4c603818e","BranchId":"00000000-0000-0000-0000-000000000000"}|8ebf6978-1d64-11e9-b339-f4b7e2ccc86c
2019-01-21 18:18:17.8275|DEBUG|Activity|Blocks|Adding block|{"Type":"Microsoft.DPrep.KeepColumnsBlock","id":"4b0f83e0-26e3-4258-b7e1-a0c4c3f567ff","position":3,"ActivityId":"4c71377c-5c8c-49a4-a147-9bd4c603818e","BranchId":"00000000-0000-0000-0000-000000000000"}|8ebf6978-1d64-11e9-b339-f4b7e2ccc86c
2019-01-21 18:18:17.8275|DEBUG|Activity|Blocks|Adding block|{"Type":"Microsoft.DPrep.GetFilesBlock","id":"a41ca9f7-55d8-4c48-91aa-eb16a21f65f8","position":0,"ActivityId":"8f368034-54c8-4f67-a18b-e65bb545eb56","BranchId":"00000000-0000-0000-0000-000000000000"}|8ebf6978-1d64-11e9-b339-f4b7e2ccc86c
2019-01-21 18:18:17.8275|DEBUG|Activity|Blocks|Adding block|{"Type":"Microsoft.DPrep.ParseDelimitedBlock","id":"f9623829-d405-4ae9-b486-0c5347b5e37e","position":1,"ActivityId":"8f368034-54c8-4f67-a18b-e65bb545eb56","BranchId":"00000000-0000-0000-0000-000000000000"}|8ebf6978-1d64-11e9-b339-f4b7e2ccc86c
2019-01-21 18:18:17.8275|DEBUG|Activity|Blocks|Adding block|{"Type":"Microsoft.DPrep.DropColumnsBlock","id":"b51f8464-2221-47dc-a254-49633facd331","position":2,"ActivityId":"8f368034-54c8-4f67-a18b-e65bb545eb56","BranchId":"00000000-0000-0000-0000-000000000000"}|8ebf6978-1d64-11e9-b339-f4b7e2ccc86c
2019-01-21 18:18:17.8275|DEBUG|Activity|Blocks|Adding block|{"Type":"Microsoft.DPrep.KeepColumnsBlock","id":"4b0f83e0-26e3-4258-b7e1-a0c4c3f567ff","position":3,"ActivityId":"8f368034-54c8-4f67-a18b-e65bb545eb56","BranchId":"00000000-0000-0000-0000-000000000000"}|8ebf6978-1d64-11e9-b339-f4b7e2ccc86c
2019-01-21 18:18:17.8275|DEBUG|Activity|Blocks|Adding block|{"Type":"Microsoft.DPrep.WriteDataSetBlock","id":"0c139d5f-74d2-4a60-9a1b-23ca44b94f3e","position":4,"ActivityId":"8f368034-54c8-4f67-a18b-e65bb545eb56","BranchId":"00000000-0000-0000-0000-000000000000"}|8ebf6978-1d64-11e9-b339-f4b7e2ccc86c
2019-01-21 18:18:26.4363|DEBUG|Activity|Blocks|Adding block|{"Type":"Microsoft.DPrep.GetFilesBlock","id":"a41ca9f7-55d8-4c48-91aa-eb16a21f65f8","position":0,"ActivityId":"6fefeae1-ee68-47b0-bf80-33e81dce9572","BranchId":"00000000-0000-0000-0000-000000000000"}|8ebf6978-1d64-11e9-b339-f4b7e2ccc86c
2019-01-21 18:18:26.4363|DEBUG|Activity|Blocks|Adding block|{"Type":"Microsoft.DPrep.ParseDelimitedBlock","id":"f9623829-d405-4ae9-b486-0c5347b5e37e","position":1,"ActivityId":"6fefeae1-ee68-47b0-bf80-33e81dce9572","BranchId":"00000000-0000-0000-0000-000000000000"}|8ebf6978-1d64-11e9-b339-f4b7e2ccc86c
2019-01-21 18:18:26.4363|DEBUG|Activity|Blocks|Adding block|{"Type":"Microsoft.DPrep.DropColumnsBlock","id":"b51f8464-2221-47dc-a254-49633facd331","position":2,"ActivityId":"6fefeae1-ee68-47b0-bf80-33e81dce9572","BranchId":"00000000-0000-0000-0000-000000000000"}|8ebf6978-1d64-11e9-b339-f4b7e2ccc86c
2019-01-21 18:18:26.4363|DEBUG|Activity|Blocks|Adding block|{"Type":"Microsoft.DPrep.KeepColumnsBlock","id":"10aa52d0-1f5f-4ed8-8740-cb08a23afada","position":3,"ActivityId":"6fefeae1-ee68-47b0-bf80-33e81dce9572","BranchId":"00000000-0000-0000-0000-000000000000"}|8ebf6978-1d64-11e9-b339-f4b7e2ccc86c
2019-01-21 18:18:26.4363|DEBUG|Activity|Blocks|Adding block|{"Type":"Microsoft.DPrep.GetFilesBlock","id":"a41ca9f7-55d8-4c48-91aa-eb16a21f65f8","position":0,"ActivityId":"ad9e15ad-5dce-46e0-8951-0c779a6f8910","BranchId":"00000000-0000-0000-0000-000000000000"}|8ebf6978-1d64-11e9-b339-f4b7e2ccc86c
2019-01-21 18:18:26.4363|DEBUG|Activity|Blocks|Adding block|{"Type":"Microsoft.DPrep.ParseDelimitedBlock","id":"f9623829-d405-4ae9-b486-0c5347b5e37e","position":1,"ActivityId":"ad9e15ad-5dce-46e0-8951-0c779a6f8910","BranchId":"00000000-0000-0000-0000-000000000000"}|8ebf6978-1d64-11e9-b339-f4b7e2ccc86c
2019-01-21 18:18:26.4363|DEBUG|Activity|Blocks|Adding block|{"Type":"Microsoft.DPrep.DropColumnsBlock","id":"b51f8464-2221-47dc-a254-49633facd331","position":2,"ActivityId":"ad9e15ad-5dce-46e0-8951-0c779a6f8910","BranchId":"00000000-0000-0000-0000-000000000000"}|8ebf6978-1d64-11e9-b339-f4b7e2ccc86c
2019-01-21 18:18:26.4363|DEBUG|Activity|Blocks|Adding block|{"Type":"Microsoft.DPrep.KeepColumnsBlock","id":"10aa52d0-1f5f-4ed8-8740-cb08a23afada","position":3,"ActivityId":"ad9e15ad-5dce-46e0-8951-0c779a6f8910","BranchId":"00000000-0000-0000-0000-000000000000"}|8ebf6978-1d64-11e9-b339-f4b7e2ccc86c
2019-01-21 18:18:26.4363|DEBUG|Activity|Blocks|Adding block|{"Type":"Microsoft.DPrep.WriteDataSetBlock","id":"73c7a84d-9320-415a-9f17-0b5b049843e4","position":4,"ActivityId":"ad9e15ad-5dce-46e0-8951-0c779a6f8910","BranchId":"00000000-0000-0000-0000-000000000000"}|8ebf6978-1d64-11e9-b339-f4b7e2ccc86c
2019-01-21 18:34:40.5032|DEBUG|Activity|Blocks|Adding block|{"Type":"Microsoft.DPrep.GetFilesBlock","id":"a41ca9f7-55d8-4c48-91aa-eb16a21f65f8","position":0,"ActivityId":"5e15968a-16bd-4c81-8e6c-7fc43bcad8c8","BranchId":"00000000-0000-0000-0000-000000000000"}|8ebf6978-1d64-11e9-b339-f4b7e2ccc86c
2019-01-21 18:34:40.5032|DEBUG|Activity|Blocks|Adding block|{"Type":"Microsoft.DPrep.ParseDelimitedBlock","id":"f9623829-d405-4ae9-b486-0c5347b5e37e","position":1,"ActivityId":"5e15968a-16bd-4c81-8e6c-7fc43bcad8c8","BranchId":"00000000-0000-0000-0000-000000000000"}|8ebf6978-1d64-11e9-b339-f4b7e2ccc86c
2019-01-21 18:34:40.5032|DEBUG|Activity|Blocks|Adding block|{"Type":"Microsoft.DPrep.DropColumnsBlock","id":"b51f8464-2221-47dc-a254-49633facd331","position":2,"ActivityId":"5e15968a-16bd-4c81-8e6c-7fc43bcad8c8","BranchId":"00000000-0000-0000-0000-000000000000"}|8ebf6978-1d64-11e9-b339-f4b7e2ccc86c
2019-01-21 18:34:40.5032|DEBUG|Activity|Blocks|Adding block|{"Type":"Microsoft.DPrep.KeepColumnsBlock","id":"2543c365-73a3-477f-96e7-3049f168a64e","position":3,"ActivityId":"5e15968a-16bd-4c81-8e6c-7fc43bcad8c8","BranchId":"00000000-0000-0000-0000-000000000000"}|8ebf6978-1d64-11e9-b339-f4b7e2ccc86c
2019-01-21 18:34:40.5181|DEBUG|Activity|Blocks|Adding block|{"Type":"Microsoft.DPrep.GetFilesBlock","id":"a41ca9f7-55d8-4c48-91aa-eb16a21f65f8","position":0,"ActivityId":"b829af63-b0b4-4ff3-ad46-ba3d37e2347f","BranchId":"00000000-0000-0000-0000-000000000000"}|8ebf6978-1d64-11e9-b339-f4b7e2ccc86c
2019-01-21 18:34:40.5181|DEBUG|Activity|Blocks|Adding block|{"Type":"Microsoft.DPrep.ParseDelimitedBlock","id":"f9623829-d405-4ae9-b486-0c5347b5e37e","position":1,"ActivityId":"b829af63-b0b4-4ff3-ad46-ba3d37e2347f","BranchId":"00000000-0000-0000-0000-000000000000"}|8ebf6978-1d64-11e9-b339-f4b7e2ccc86c
2019-01-21 18:34:40.5181|DEBUG|Activity|Blocks|Adding block|{"Type":"Microsoft.DPrep.DropColumnsBlock","id":"b51f8464-2221-47dc-a254-49633facd331","position":2,"ActivityId":"b829af63-b0b4-4ff3-ad46-ba3d37e2347f","BranchId":"00000000-0000-0000-0000-000000000000"}|8ebf6978-1d64-11e9-b339-f4b7e2ccc86c
2019-01-21 18:34:40.5181|DEBUG|Activity|Blocks|Adding block|{"Type":"Microsoft.DPrep.KeepColumnsBlock","id":"2543c365-73a3-477f-96e7-3049f168a64e","position":3,"ActivityId":"b829af63-b0b4-4ff3-ad46-ba3d37e2347f","BranchId":"00000000-0000-0000-0000-000000000000"}|8ebf6978-1d64-11e9-b339-f4b7e2ccc86c
2019-01-21 18:34:40.5181|DEBUG|Activity|Blocks|Adding block|{"Type":"Microsoft.DPrep.WriteDataSetBlock","id":"8ff5f9b8-a912-457d-a008-da584cc66e3f","position":4,"ActivityId":"b829af63-b0b4-4ff3-ad46-ba3d37e2347f","BranchId":"00000000-0000-0000-0000-000000000000"}|8ebf6978-1d64-11e9-b339-f4b7e2ccc86c
2019-01-21 18:34:41.5569|DEBUG|Activity|Blocks|Adding block|{"Type":"Microsoft.DPrep.GetFilesBlock","id":"a41ca9f7-55d8-4c48-91aa-eb16a21f65f8","position":0,"ActivityId":"8416d6bb-d2eb-4fc7-b041-93386a4abb03","BranchId":"00000000-0000-0000-0000-000000000000"}|8ebf6978-1d64-11e9-b339-f4b7e2ccc86c
2019-01-21 18:34:41.5569|DEBUG|Activity|Blocks|Adding block|{"Type":"Microsoft.DPrep.ParseDelimitedBlock","id":"f9623829-d405-4ae9-b486-0c5347b5e37e","position":1,"ActivityId":"8416d6bb-d2eb-4fc7-b041-93386a4abb03","BranchId":"00000000-0000-0000-0000-000000000000"}|8ebf6978-1d64-11e9-b339-f4b7e2ccc86c
2019-01-21 18:34:41.5606|DEBUG|Activity|Blocks|Adding block|{"Type":"Microsoft.DPrep.DropColumnsBlock","id":"b51f8464-2221-47dc-a254-49633facd331","position":2,"ActivityId":"8416d6bb-d2eb-4fc7-b041-93386a4abb03","BranchId":"00000000-0000-0000-0000-000000000000"}|8ebf6978-1d64-11e9-b339-f4b7e2ccc86c
2019-01-21 18:34:41.5606|DEBUG|Activity|Blocks|Adding block|{"Type":"Microsoft.DPrep.KeepColumnsBlock","id":"af6fa08f-6807-4974-8ff0-9670db14d1dc","position":3,"ActivityId":"8416d6bb-d2eb-4fc7-b041-93386a4abb03","BranchId":"00000000-0000-0000-0000-000000000000"}|8ebf6978-1d64-11e9-b339-f4b7e2ccc86c
2019-01-21 18:34:41.5792|DEBUG|Activity|Blocks|Adding block|{"Type":"Microsoft.DPrep.GetFilesBlock","id":"a41ca9f7-55d8-4c48-91aa-eb16a21f65f8","position":0,"ActivityId":"65d63cc0-9944-4451-a71d-d7c74dc6d929","BranchId":"00000000-0000-0000-0000-000000000000"}|8ebf6978-1d64-11e9-b339-f4b7e2ccc86c
2019-01-21 18:34:41.5792|DEBUG|Activity|Blocks|Adding block|{"Type":"Microsoft.DPrep.ParseDelimitedBlock","id":"f9623829-d405-4ae9-b486-0c5347b5e37e","position":1,"ActivityId":"65d63cc0-9944-4451-a71d-d7c74dc6d929","BranchId":"00000000-0000-0000-0000-000000000000"}|8ebf6978-1d64-11e9-b339-f4b7e2ccc86c
2019-01-21 18:34:41.5792|DEBUG|Activity|Blocks|Adding block|{"Type":"Microsoft.DPrep.DropColumnsBlock","id":"b51f8464-2221-47dc-a254-49633facd331","position":2,"ActivityId":"65d63cc0-9944-4451-a71d-d7c74dc6d929","BranchId":"00000000-0000-0000-0000-000000000000"}|8ebf6978-1d64-11e9-b339-f4b7e2ccc86c
2019-01-21 18:34:41.5792|DEBUG|Activity|Blocks|Adding block|{"Type":"Microsoft.DPrep.KeepColumnsBlock","id":"af6fa08f-6807-4974-8ff0-9670db14d1dc","position":3,"ActivityId":"65d63cc0-9944-4451-a71d-d7c74dc6d929","BranchId":"00000000-0000-0000-0000-000000000000"}|8ebf6978-1d64-11e9-b339-f4b7e2ccc86c
2019-01-21 18:34:41.5792|DEBUG|Activity|Blocks|Adding block|{"Type":"Microsoft.DPrep.WriteDataSetBlock","id":"bdad6f50-573d-4c87-a3b5-dfb6d2255c88","position":4,"ActivityId":"65d63cc0-9944-4451-a71d-d7c74dc6d929","BranchId":"00000000-0000-0000-0000-000000000000"}|8ebf6978-1d64-11e9-b339-f4b7e2ccc86c
2019-01-21 18:34:46.8425|DEBUG|Activity|Blocks|Adding block|{"Type":"Microsoft.DPrep.GetFilesBlock","id":"a41ca9f7-55d8-4c48-91aa-eb16a21f65f8","position":0,"ActivityId":"66ab19e3-8ca2-4ee0-9676-8eb6edd50477","BranchId":"00000000-0000-0000-0000-000000000000"}|8ebf6978-1d64-11e9-b339-f4b7e2ccc86c
2019-01-21 18:34:46.8425|DEBUG|Activity|Blocks|Adding block|{"Type":"Microsoft.DPrep.ParseDelimitedBlock","id":"f9623829-d405-4ae9-b486-0c5347b5e37e","position":1,"ActivityId":"66ab19e3-8ca2-4ee0-9676-8eb6edd50477","BranchId":"00000000-0000-0000-0000-000000000000"}|8ebf6978-1d64-11e9-b339-f4b7e2ccc86c
2019-01-21 18:34:46.8425|DEBUG|Activity|Blocks|Adding block|{"Type":"Microsoft.DPrep.DropColumnsBlock","id":"b51f8464-2221-47dc-a254-49633facd331","position":2,"ActivityId":"66ab19e3-8ca2-4ee0-9676-8eb6edd50477","BranchId":"00000000-0000-0000-0000-000000000000"}|8ebf6978-1d64-11e9-b339-f4b7e2ccc86c
2019-01-21 18:34:46.8425|DEBUG|Activity|Blocks|Adding block|{"Type":"Microsoft.DPrep.KeepColumnsBlock","id":"bb8d2edb-c5f4-4698-86b3-4b3a7ea0567e","position":3,"ActivityId":"66ab19e3-8ca2-4ee0-9676-8eb6edd50477","BranchId":"00000000-0000-0000-0000-000000000000"}|8ebf6978-1d64-11e9-b339-f4b7e2ccc86c
2019-01-21 18:34:46.8684|DEBUG|Activity|Blocks|Adding block|{"Type":"Microsoft.DPrep.GetFilesBlock","id":"a41ca9f7-55d8-4c48-91aa-eb16a21f65f8","position":0,"ActivityId":"caf984a1-399f-48fe-bec9-0551446bbbe7","BranchId":"00000000-0000-0000-0000-000000000000"}|8ebf6978-1d64-11e9-b339-f4b7e2ccc86c
2019-01-21 18:34:46.8684|DEBUG|Activity|Blocks|Adding block|{"Type":"Microsoft.DPrep.ParseDelimitedBlock","id":"f9623829-d405-4ae9-b486-0c5347b5e37e","position":1,"ActivityId":"caf984a1-399f-48fe-bec9-0551446bbbe7","BranchId":"00000000-0000-0000-0000-000000000000"}|8ebf6978-1d64-11e9-b339-f4b7e2ccc86c
2019-01-21 18:34:46.8730|DEBUG|Activity|Blocks|Adding block|{"Type":"Microsoft.DPrep.DropColumnsBlock","id":"b51f8464-2221-47dc-a254-49633facd331","position":2,"ActivityId":"caf984a1-399f-48fe-bec9-0551446bbbe7","BranchId":"00000000-0000-0000-0000-000000000000"}|8ebf6978-1d64-11e9-b339-f4b7e2ccc86c
2019-01-21 18:34:46.8730|DEBUG|Activity|Blocks|Adding block|{"Type":"Microsoft.DPrep.KeepColumnsBlock","id":"bb8d2edb-c5f4-4698-86b3-4b3a7ea0567e","position":3,"ActivityId":"caf984a1-399f-48fe-bec9-0551446bbbe7","BranchId":"00000000-0000-0000-0000-000000000000"}|8ebf6978-1d64-11e9-b339-f4b7e2ccc86c
2019-01-21 18:34:46.8730|DEBUG|Activity|Blocks|Adding block|{"Type":"Microsoft.DPrep.WriteDataSetBlock","id":"26a221e8-14dd-436b-a327-6c43c75669c7","position":4,"ActivityId":"caf984a1-399f-48fe-bec9-0551446bbbe7","BranchId":"00000000-0000-0000-0000-000000000000"}|8ebf6978-1d64-11e9-b339-f4b7e2ccc86c
2019-01-21 18:34:47.5488|DEBUG|Activity|Blocks|Adding block|{"Type":"Microsoft.DPrep.GetFilesBlock","id":"a41ca9f7-55d8-4c48-91aa-eb16a21f65f8","position":0,"ActivityId":"6906acdb-a2a4-4399-8239-4a5f4aacf981","BranchId":"00000000-0000-0000-0000-000000000000"}|8ebf6978-1d64-11e9-b339-f4b7e2ccc86c
2019-01-21 18:34:47.5488|DEBUG|Activity|Blocks|Adding block|{"Type":"Microsoft.DPrep.ParseDelimitedBlock","id":"f9623829-d405-4ae9-b486-0c5347b5e37e","position":1,"ActivityId":"6906acdb-a2a4-4399-8239-4a5f4aacf981","BranchId":"00000000-0000-0000-0000-000000000000"}|8ebf6978-1d64-11e9-b339-f4b7e2ccc86c
2019-01-21 18:34:47.5488|DEBUG|Activity|Blocks|Adding block|{"Type":"Microsoft.DPrep.DropColumnsBlock","id":"b51f8464-2221-47dc-a254-49633facd331","position":2,"ActivityId":"6906acdb-a2a4-4399-8239-4a5f4aacf981","BranchId":"00000000-0000-0000-0000-000000000000"}|8ebf6978-1d64-11e9-b339-f4b7e2ccc86c
2019-01-21 18:34:47.5488|DEBUG|Activity|Blocks|Adding block|{"Type":"Microsoft.DPrep.KeepColumnsBlock","id":"f41b7fb1-5fca-4620-81f3-7da269a9b270","position":3,"ActivityId":"6906acdb-a2a4-4399-8239-4a5f4aacf981","BranchId":"00000000-0000-0000-0000-000000000000"}|8ebf6978-1d64-11e9-b339-f4b7e2ccc86c
2019-01-21 18:34:47.5488|DEBUG|Activity|Blocks|Adding block|{"Type":"Microsoft.DPrep.GetFilesBlock","id":"a41ca9f7-55d8-4c48-91aa-eb16a21f65f8","position":0,"ActivityId":"627abc70-4f08-468e-99ee-53b8719733aa","BranchId":"00000000-0000-0000-0000-000000000000"}|8ebf6978-1d64-11e9-b339-f4b7e2ccc86c
2019-01-21 18:34:47.5488|DEBUG|Activity|Blocks|Adding block|{"Type":"Microsoft.DPrep.ParseDelimitedBlock","id":"f9623829-d405-4ae9-b486-0c5347b5e37e","position":1,"ActivityId":"627abc70-4f08-468e-99ee-53b8719733aa","BranchId":"00000000-0000-0000-0000-000000000000"}|8ebf6978-1d64-11e9-b339-f4b7e2ccc86c
2019-01-21 18:34:47.5488|DEBUG|Activity|Blocks|Adding block|{"Type":"Microsoft.DPrep.DropColumnsBlock","id":"b51f8464-2221-47dc-a254-49633facd331","position":2,"ActivityId":"627abc70-4f08-468e-99ee-53b8719733aa","BranchId":"00000000-0000-0000-0000-000000000000"}|8ebf6978-1d64-11e9-b339-f4b7e2ccc86c
2019-01-21 18:34:47.5488|DEBUG|Activity|Blocks|Adding block|{"Type":"Microsoft.DPrep.KeepColumnsBlock","id":"f41b7fb1-5fca-4620-81f3-7da269a9b270","position":3,"ActivityId":"627abc70-4f08-468e-99ee-53b8719733aa","BranchId":"00000000-0000-0000-0000-000000000000"}|8ebf6978-1d64-11e9-b339-f4b7e2ccc86c
2019-01-21 18:34:47.5488|DEBUG|Activity|Blocks|Adding block|{"Type":"Microsoft.DPrep.WriteDataSetBlock","id":"cdce61ac-e3ec-401d-9daf-d819e6ba14c5","position":4,"ActivityId":"627abc70-4f08-468e-99ee-53b8719733aa","BranchId":"00000000-0000-0000-0000-000000000000"}|8ebf6978-1d64-11e9-b339-f4b7e2ccc86c
2019-01-21 18:36:23.5012|DEBUG|Activity|Blocks|Adding block|{"Type":"Microsoft.DPrep.GetFilesBlock","id":"a41ca9f7-55d8-4c48-91aa-eb16a21f65f8","position":0,"ActivityId":"94e54eb3-5749-4501-98ac-c31d35cd8e3a","BranchId":"00000000-0000-0000-0000-000000000000"}|8ebf6978-1d64-11e9-b339-f4b7e2ccc86c
2019-01-21 18:36:23.5012|DEBUG|Activity|Blocks|Adding block|{"Type":"Microsoft.DPrep.ParseDelimitedBlock","id":"f9623829-d405-4ae9-b486-0c5347b5e37e","position":1,"ActivityId":"94e54eb3-5749-4501-98ac-c31d35cd8e3a","BranchId":"00000000-0000-0000-0000-000000000000"}|8ebf6978-1d64-11e9-b339-f4b7e2ccc86c
2019-01-21 18:36:23.5012|DEBUG|Activity|Blocks|Adding block|{"Type":"Microsoft.DPrep.DropColumnsBlock","id":"b51f8464-2221-47dc-a254-49633facd331","position":2,"ActivityId":"94e54eb3-5749-4501-98ac-c31d35cd8e3a","BranchId":"00000000-0000-0000-0000-000000000000"}|8ebf6978-1d64-11e9-b339-f4b7e2ccc86c
2019-01-21 18:36:23.5012|DEBUG|Activity|Blocks|Adding block|{"Type":"Microsoft.DPrep.KeepColumnsBlock","id":"e8a0c108-a147-405a-bbc0-247fa621e2ae","position":3,"ActivityId":"94e54eb3-5749-4501-98ac-c31d35cd8e3a","BranchId":"00000000-0000-0000-0000-000000000000"}|8ebf6978-1d64-11e9-b339-f4b7e2ccc86c
2019-01-21 18:36:23.5292|DEBUG|Activity|Blocks|Adding block|{"Type":"Microsoft.DPrep.GetFilesBlock","id":"a41ca9f7-55d8-4c48-91aa-eb16a21f65f8","position":0,"ActivityId":"7cb1fcdf-94b6-41c6-8264-df59ff6746fd","BranchId":"00000000-0000-0000-0000-000000000000"}|8ebf6978-1d64-11e9-b339-f4b7e2ccc86c
2019-01-21 18:36:23.5292|DEBUG|Activity|Blocks|Adding block|{"Type":"Microsoft.DPrep.ParseDelimitedBlock","id":"f9623829-d405-4ae9-b486-0c5347b5e37e","position":1,"ActivityId":"7cb1fcdf-94b6-41c6-8264-df59ff6746fd","BranchId":"00000000-0000-0000-0000-000000000000"}|8ebf6978-1d64-11e9-b339-f4b7e2ccc86c
2019-01-21 18:36:23.5292|DEBUG|Activity|Blocks|Adding block|{"Type":"Microsoft.DPrep.DropColumnsBlock","id":"b51f8464-2221-47dc-a254-49633facd331","position":2,"ActivityId":"7cb1fcdf-94b6-41c6-8264-df59ff6746fd","BranchId":"00000000-0000-0000-0000-000000000000"}|8ebf6978-1d64-11e9-b339-f4b7e2ccc86c
2019-01-21 18:36:23.5292|DEBUG|Activity|Blocks|Adding block|{"Type":"Microsoft.DPrep.KeepColumnsBlock","id":"e8a0c108-a147-405a-bbc0-247fa621e2ae","position":3,"ActivityId":"7cb1fcdf-94b6-41c6-8264-df59ff6746fd","BranchId":"00000000-0000-0000-0000-000000000000"}|8ebf6978-1d64-11e9-b339-f4b7e2ccc86c
2019-01-21 18:36:23.5292|DEBUG|Activity|Blocks|Adding block|{"Type":"Microsoft.DPrep.WriteDataSetBlock","id":"53f1955b-7cca-4821-8c12-fb8b6b0c9f80","position":4,"ActivityId":"7cb1fcdf-94b6-41c6-8264-df59ff6746fd","BranchId":"00000000-0000-0000-0000-000000000000"}|8ebf6978-1d64-11e9-b339-f4b7e2ccc86c
2019-01-21 18:36:24.2132|DEBUG|Activity|Blocks|Adding block|{"Type":"Microsoft.DPrep.GetFilesBlock","id":"a41ca9f7-55d8-4c48-91aa-eb16a21f65f8","position":0,"ActivityId":"4f3125fd-a506-4a1d-98a5-0d74d96af14f","BranchId":"00000000-0000-0000-0000-000000000000"}|8ebf6978-1d64-11e9-b339-f4b7e2ccc86c
2019-01-21 18:36:24.2132|DEBUG|Activity|Blocks|Adding block|{"Type":"Microsoft.DPrep.ParseDelimitedBlock","id":"f9623829-d405-4ae9-b486-0c5347b5e37e","position":1,"ActivityId":"4f3125fd-a506-4a1d-98a5-0d74d96af14f","BranchId":"00000000-0000-0000-0000-000000000000"}|8ebf6978-1d64-11e9-b339-f4b7e2ccc86c
2019-01-21 18:36:24.2132|DEBUG|Activity|Blocks|Adding block|{"Type":"Microsoft.DPrep.DropColumnsBlock","id":"b51f8464-2221-47dc-a254-49633facd331","position":2,"ActivityId":"4f3125fd-a506-4a1d-98a5-0d74d96af14f","BranchId":"00000000-0000-0000-0000-000000000000"}|8ebf6978-1d64-11e9-b339-f4b7e2ccc86c
2019-01-21 18:36:24.2132|DEBUG|Activity|Blocks|Adding block|{"Type":"Microsoft.DPrep.KeepColumnsBlock","id":"05b4421e-29da-462d-b093-a5e9196c8335","position":3,"ActivityId":"4f3125fd-a506-4a1d-98a5-0d74d96af14f","BranchId":"00000000-0000-0000-0000-000000000000"}|8ebf6978-1d64-11e9-b339-f4b7e2ccc86c
2019-01-21 18:36:24.2187|DEBUG|Activity|Blocks|Adding block|{"Type":"Microsoft.DPrep.GetFilesBlock","id":"a41ca9f7-55d8-4c48-91aa-eb16a21f65f8","position":0,"ActivityId":"4762335b-17c6-4d85-8c38-14c243c5517c","BranchId":"00000000-0000-0000-0000-000000000000"}|8ebf6978-1d64-11e9-b339-f4b7e2ccc86c
2019-01-21 18:36:24.2187|DEBUG|Activity|Blocks|Adding block|{"Type":"Microsoft.DPrep.ParseDelimitedBlock","id":"f9623829-d405-4ae9-b486-0c5347b5e37e","position":1,"ActivityId":"4762335b-17c6-4d85-8c38-14c243c5517c","BranchId":"00000000-0000-0000-0000-000000000000"}|8ebf6978-1d64-11e9-b339-f4b7e2ccc86c
2019-01-21 18:36:24.2187|DEBUG|Activity|Blocks|Adding block|{"Type":"Microsoft.DPrep.DropColumnsBlock","id":"b51f8464-2221-47dc-a254-49633facd331","position":2,"ActivityId":"4762335b-17c6-4d85-8c38-14c243c5517c","BranchId":"00000000-0000-0000-0000-000000000000"}|8ebf6978-1d64-11e9-b339-f4b7e2ccc86c
2019-01-21 18:36:24.2187|DEBUG|Activity|Blocks|Adding block|{"Type":"Microsoft.DPrep.KeepColumnsBlock","id":"05b4421e-29da-462d-b093-a5e9196c8335","position":3,"ActivityId":"4762335b-17c6-4d85-8c38-14c243c5517c","BranchId":"00000000-0000-0000-0000-000000000000"}|8ebf6978-1d64-11e9-b339-f4b7e2ccc86c
2019-01-21 18:36:24.2187|DEBUG|Activity|Blocks|Adding block|{"Type":"Microsoft.DPrep.WriteDataSetBlock","id":"248ffe55-a0e9-42c1-9515-588eea0bacc9","position":4,"ActivityId":"4762335b-17c6-4d85-8c38-14c243c5517c","BranchId":"00000000-0000-0000-0000-000000000000"}|8ebf6978-1d64-11e9-b339-f4b7e2ccc86c
2019-01-21 18:46:32.9235|DEBUG|Activity|Blocks|Adding block|{"Type":"Microsoft.DPrep.GetFilesBlock","id":"a41ca9f7-55d8-4c48-91aa-eb16a21f65f8","position":0,"ActivityId":"8ab7bfdd-905c-4722-871f-4ecc8d7c3185","BranchId":"00000000-0000-0000-0000-000000000000"}|8ebf6978-1d64-11e9-b339-f4b7e2ccc86c
2019-01-21 18:46:32.9235|DEBUG|Activity|Blocks|Adding block|{"Type":"Microsoft.DPrep.ParseDelimitedBlock","id":"f9623829-d405-4ae9-b486-0c5347b5e37e","position":1,"ActivityId":"8ab7bfdd-905c-4722-871f-4ecc8d7c3185","BranchId":"00000000-0000-0000-0000-000000000000"}|8ebf6978-1d64-11e9-b339-f4b7e2ccc86c
2019-01-21 18:46:32.9235|DEBUG|Activity|Blocks|Adding block|{"Type":"Microsoft.DPrep.DropColumnsBlock","id":"b51f8464-2221-47dc-a254-49633facd331","position":2,"ActivityId":"8ab7bfdd-905c-4722-871f-4ecc8d7c3185","BranchId":"00000000-0000-0000-0000-000000000000"}|8ebf6978-1d64-11e9-b339-f4b7e2ccc86c
2019-01-21 18:46:32.9235|DEBUG|Activity|Blocks|Adding block|{"Type":"Microsoft.DPrep.SetColumnTypesBlock","id":"d701d5bb-0eef-44ce-acc8-bb657a020997","position":3,"ActivityId":"8ab7bfdd-905c-4722-871f-4ecc8d7c3185","BranchId":"00000000-0000-0000-0000-000000000000"}|8ebf6978-1d64-11e9-b339-f4b7e2ccc86c
2019-01-21 18:46:32.9676|DEBUG|Activity|Blocks|Adding block|{"Type":"Microsoft.DPrep.SetColumnTypesBlock","id":"9a477415-1da6-4547-bf03-c36b4fde5069","position":4,"ActivityId":"8ab7bfdd-905c-4722-871f-4ecc8d7c3185","BranchId":"00000000-0000-0000-0000-000000000000"}|8ebf6978-1d64-11e9-b339-f4b7e2ccc86c
2019-01-21 18:46:32.9676|DEBUG|Activity|Blocks|Adding block|{"Type":"Microsoft.DPrep.TakeBlock","id":"a5dfe03f-aa33-4f0e-9b1d-cdf4fdb9478a","position":5,"ActivityId":"8ab7bfdd-905c-4722-871f-4ecc8d7c3185","BranchId":"00000000-0000-0000-0000-000000000000"}|8ebf6978-1d64-11e9-b339-f4b7e2ccc86c
2019-01-21 18:46:33.0219|DEBUG|Activity|Blocks|Adding block|{"Type":"Microsoft.DPrep.GetFilesBlock","id":"a41ca9f7-55d8-4c48-91aa-eb16a21f65f8","position":0,"ActivityId":"3ba8a7f5-1046-47f9-b737-4e08c0c5675f","BranchId":"00000000-0000-0000-0000-000000000000"}|8ebf6978-1d64-11e9-b339-f4b7e2ccc86c
2019-01-21 18:46:33.0219|DEBUG|Activity|Blocks|Adding block|{"Type":"Microsoft.DPrep.ParseDelimitedBlock","id":"f9623829-d405-4ae9-b486-0c5347b5e37e","position":1,"ActivityId":"3ba8a7f5-1046-47f9-b737-4e08c0c5675f","BranchId":"00000000-0000-0000-0000-000000000000"}|8ebf6978-1d64-11e9-b339-f4b7e2ccc86c
2019-01-21 18:46:33.0219|DEBUG|Activity|Blocks|Adding block|{"Type":"Microsoft.DPrep.DropColumnsBlock","id":"b51f8464-2221-47dc-a254-49633facd331","position":2,"ActivityId":"3ba8a7f5-1046-47f9-b737-4e08c0c5675f","BranchId":"00000000-0000-0000-0000-000000000000"}|8ebf6978-1d64-11e9-b339-f4b7e2ccc86c
2019-01-21 18:46:33.0219|DEBUG|Activity|Blocks|Adding block|{"Type":"Microsoft.DPrep.SetColumnTypesBlock","id":"d701d5bb-0eef-44ce-acc8-bb657a020997","position":3,"ActivityId":"3ba8a7f5-1046-47f9-b737-4e08c0c5675f","BranchId":"00000000-0000-0000-0000-000000000000"}|8ebf6978-1d64-11e9-b339-f4b7e2ccc86c
2019-01-21 18:46:33.0219|DEBUG|Activity|Blocks|Adding block|{"Type":"Microsoft.DPrep.SetColumnTypesBlock","id":"9a477415-1da6-4547-bf03-c36b4fde5069","position":4,"ActivityId":"3ba8a7f5-1046-47f9-b737-4e08c0c5675f","BranchId":"00000000-0000-0000-0000-000000000000"}|8ebf6978-1d64-11e9-b339-f4b7e2ccc86c
2019-01-21 18:46:33.0219|DEBUG|Activity|Blocks|Adding block|{"Type":"Microsoft.DPrep.TakeBlock","id":"a5dfe03f-aa33-4f0e-9b1d-cdf4fdb9478a","position":5,"ActivityId":"3ba8a7f5-1046-47f9-b737-4e08c0c5675f","BranchId":"00000000-0000-0000-0000-000000000000"}|8ebf6978-1d64-11e9-b339-f4b7e2ccc86c
2019-01-21 18:46:33.0219|DEBUG|Activity|Blocks|Adding block|{"Type":"Microsoft.DPrep.WriteDataSetBlock","id":"d3eb4b1e-663f-464c-b187-4bc1be97d46f","position":6,"ActivityId":"3ba8a7f5-1046-47f9-b737-4e08c0c5675f","BranchId":"00000000-0000-0000-0000-000000000000"}|8ebf6978-1d64-11e9-b339-f4b7e2ccc86c
