2019-01-21 17:56:57.5329|DEBUG|CLexExecutor|ExecuteLariatScriptAsync|Start Execution|{"Id":"aacefb03-f0a2-490b-beed-f53f8a49a00f"}|df09f586-1d62-11e9-a1e2-f4b7e2ccc86c
2019-01-21 17:56:57.5638|DEBUG|CLexExecutor|ExecuteLariatScriptAsync|End Execution (Success)|{"Id":"aacefb03-f0a2-490b-beed-f53f8a49a00f"}|df09f586-1d62-11e9-a1e2-f4b7e2ccc86c
2019-01-21 18:08:56.2538|DEBUG|CLexExecutor|ExecuteLariatScriptAsync|Start Execution|{"Id":"4d87c1f8-0104-4d28-bd36-1dd738c75140"}|8ebf6978-1d64-11e9-b339-f4b7e2ccc86c
2019-01-21 18:08:56.2673|DEBUG|CLexExecutor|ExecuteLariatScriptAsync|End Execution (Success)|{"Id":"4d87c1f8-0104-4d28-bd36-1dd738c75140"}|8ebf6978-1d64-11e9-b339-f4b7e2ccc86c
2019-01-21 18:10:11.4813|DEBUG|CLexExecutor|ExecuteLariatScriptAsync|Start Execution|{"Id":"3de01735-055b-4459-bc0f-21ceb1bb2e1e"}|8ebf6978-1d64-11e9-b339-f4b7e2ccc86c
2019-01-21 18:10:11.4918|DEBUG|CLexExecutor|ExecuteLariatScriptAsync|End Execution (Success)|{"Id":"3de01735-055b-4459-bc0f-21ceb1bb2e1e"}|8ebf6978-1d64-11e9-b339-f4b7e2ccc86c
2019-01-21 18:10:13.0526|DEBUG|CLexExecutor|ExecuteLariatScriptAsync|Start Execution|{"Id":"eecd6cba-ec03-4a9a-92c3-c4b2c25d0913"}|8ebf6978-1d64-11e9-b339-f4b7e2ccc86c
2019-01-21 18:10:13.0526|DEBUG|CLexExecutor|ExecuteLariatScriptAsync|End Execution (Success)|{"Id":"eecd6cba-ec03-4a9a-92c3-c4b2c25d0913"}|8ebf6978-1d64-11e9-b339-f4b7e2ccc86c
2019-01-21 18:14:04.4046|DEBUG|CLexExecutor|ExecuteLariatScriptAsync|Start Execution|{"Id":"ca6ffdef-7684-4668-b711-a9377765ed80"}|8ebf6978-1d64-11e9-b339-f4b7e2ccc86c
2019-01-21 18:14:04.4046|DEBUG|CLexExecutor|ExecuteLariatScriptAsync|End Execution (Success)|{"Id":"ca6ffdef-7684-4668-b711-a9377765ed80"}|8ebf6978-1d64-11e9-b339-f4b7e2ccc86c
2019-01-21 18:14:06.9401|DEBUG|CLexExecutor|ExecuteLariatScriptAsync|Start Execution|{"Id":"53b5bdb0-a375-48b4-a521-f0f9babf1e49"}|8ebf6978-1d64-11e9-b339-f4b7e2ccc86c
2019-01-21 18:14:06.9401|DEBUG|CLexExecutor|ExecuteLariatScriptAsync|End Execution (Success)|{"Id":"53b5bdb0-a375-48b4-a521-f0f9babf1e49"}|8ebf6978-1d64-11e9-b339-f4b7e2ccc86c
2019-01-21 18:14:10.0426|DEBUG|CLexExecutor|ExecuteLariatScriptAsync|Start Execution|{"Id":"dd488bec-e908-40ff-aea8-42b88235f879"}|8ebf6978-1d64-11e9-b339-f4b7e2ccc86c
2019-01-21 18:14:10.0426|DEBUG|CLexExecutor|ExecuteLariatScriptAsync|End Execution (Success)|{"Id":"dd488bec-e908-40ff-aea8-42b88235f879"}|8ebf6978-1d64-11e9-b339-f4b7e2ccc86c
2019-01-21 18:18:17.8275|DEBUG|CLexExecutor|ExecuteLariatScriptAsync|Start Execution|{"Id":"57c7252d-46de-4492-b3c5-9d25cf80e71d"}|8ebf6978-1d64-11e9-b339-f4b7e2ccc86c
2019-01-21 18:18:17.8275|DEBUG|CLexExecutor|ExecuteLariatScriptAsync|End Execution (Success)|{"Id":"57c7252d-46de-4492-b3c5-9d25cf80e71d"}|8ebf6978-1d64-11e9-b339-f4b7e2ccc86c
2019-01-21 18:18:26.4514|DEBUG|CLexExecutor|ExecuteLariatScriptAsync|Start Execution|{"Id":"85b2a926-8298-42ff-a54c-5991409315d0"}|8ebf6978-1d64-11e9-b339-f4b7e2ccc86c
2019-01-21 18:18:26.4514|DEBUG|CLexExecutor|ExecuteLariatScriptAsync|End Execution (Success)|{"Id":"85b2a926-8298-42ff-a54c-5991409315d0"}|8ebf6978-1d64-11e9-b339-f4b7e2ccc86c
2019-01-21 18:34:40.5287|DEBUG|CLexExecutor|ExecuteLariatScriptAsync|Start Execution|{"Id":"e5a23aee-91c7-48da-abec-0b889f148d58"}|8ebf6978-1d64-11e9-b339-f4b7e2ccc86c
2019-01-21 18:34:40.5287|DEBUG|CLexExecutor|ExecuteLariatScriptAsync|End Execution (Success)|{"Id":"e5a23aee-91c7-48da-abec-0b889f148d58"}|8ebf6978-1d64-11e9-b339-f4b7e2ccc86c
2019-01-21 18:34:41.5916|DEBUG|CLexExecutor|ExecuteLariatScriptAsync|Start Execution|{"Id":"92a816ec-f961-405f-8a15-e25d27300bc9"}|8ebf6978-1d64-11e9-b339-f4b7e2ccc86c
2019-01-21 18:34:41.5916|DEBUG|CLexExecutor|ExecuteLariatScriptAsync|End Execution (Success)|{"Id":"92a816ec-f961-405f-8a15-e25d27300bc9"}|8ebf6978-1d64-11e9-b339-f4b7e2ccc86c
2019-01-21 18:34:46.8730|DEBUG|CLexExecutor|ExecuteLariatScriptAsync|Start Execution|{"Id":"208e3635-8c0d-4710-8b18-e9b63de67c83"}|8ebf6978-1d64-11e9-b339-f4b7e2ccc86c
2019-01-21 18:34:46.8730|DEBUG|CLexExecutor|ExecuteLariatScriptAsync|End Execution (Success)|{"Id":"208e3635-8c0d-4710-8b18-e9b63de67c83"}|8ebf6978-1d64-11e9-b339-f4b7e2ccc86c
2019-01-21 18:34:47.5600|DEBUG|CLexExecutor|ExecuteLariatScriptAsync|Start Execution|{"Id":"74dc05bf-b4bd-4af8-94d4-38835a1320d5"}|8ebf6978-1d64-11e9-b339-f4b7e2ccc86c
2019-01-21 18:34:47.5600|DEBUG|CLexExecutor|ExecuteLariatScriptAsync|End Execution (Success)|{"Id":"74dc05bf-b4bd-4af8-94d4-38835a1320d5"}|8ebf6978-1d64-11e9-b339-f4b7e2ccc86c
2019-01-21 18:36:23.5292|DEBUG|CLexExecutor|ExecuteLariatScriptAsync|Start Execution|{"Id":"73648e8c-cca7-49f8-bd16-5745bf191474"}|8ebf6978-1d64-11e9-b339-f4b7e2ccc86c
2019-01-21 18:36:23.5292|DEBUG|CLexExecutor|ExecuteLariatScriptAsync|End Execution (Success)|{"Id":"73648e8c-cca7-49f8-bd16-5745bf191474"}|8ebf6978-1d64-11e9-b339-f4b7e2ccc86c
2019-01-21 18:36:24.2187|DEBUG|CLexExecutor|ExecuteLariatScriptAsync|Start Execution|{"Id":"9ca51aff-8480-4cb6-a926-9b3370ac1b50"}|8ebf6978-1d64-11e9-b339-f4b7e2ccc86c
2019-01-21 18:36:24.2187|DEBUG|CLexExecutor|ExecuteLariatScriptAsync|End Execution (Success)|{"Id":"9ca51aff-8480-4cb6-a926-9b3370ac1b50"}|8ebf6978-1d64-11e9-b339-f4b7e2ccc86c
2019-01-21 18:46:33.0481|DEBUG|CLexExecutor|ExecuteLariatScriptAsync|Start Execution|{"Id":"6cc97152-23a6-4326-8a20-ece25bb762ef"}|8ebf6978-1d64-11e9-b339-f4b7e2ccc86c
2019-01-21 18:46:33.0481|DEBUG|CLexExecutor|ExecuteLariatScriptAsync|End Execution (Success)|{"Id":"6cc97152-23a6-4326-8a20-ece25bb762ef"}|8ebf6978-1d64-11e9-b339-f4b7e2ccc86c
